[ 2015-09-22T01:11:12+08:00 ] 101.226.166.227 /index.php/Academic/index/p/3.html
INFO: [ route_check ] --START--
INFO: CheckRoute Behavior ::run [ RunTime:0.001401s ]
INFO: [ route_check ] --END-- [ RunTime:0.001847s ]
INFO: [ app_begin ] --START--
INFO: ReadHtmlCache Behavior ::run [ RunTime:0.001161s ]
INFO: [ app_begin ] --END-- [ RunTime:0.001626s ]
NOTIC: [8] Undefined index: q C:\wamp\www\home\Lib\Action\CommonAction.class.php 第 27 行.
SQL: SHOW COLUMNS FROM `gzf_news` [ RunTime:0.002149s ]
SQL: SELECT COUNT(*) AS tp_count FROM `gzf_news` WHERE ( `NewsType` = 9 ) AND ( `NewsTitle` LIKE '%%' ) LIMIT 1   [ RunTime:0.000742s ]
SQL: SELECT `NewsId`,`NewsTitle`,`NewsContent`,`PublicDateTime`,`SaveFileName` FROM `gzf_news` WHERE ( `NewsType` = 9 ) AND ( `NewsTitle` LIKE '%%' ) ORDER BY NewsId desc LIMIT 20,10   [ RunTime:0.000944s ]
SQL: SHOW COLUMNS FROM `gzf_brief` [ RunTime:0.001717s ]
SQL: SELECT * FROM `gzf_brief` ORDER BY BriefId  [ RunTime:0.000369s ]
SQL: SHOW COLUMNS FROM `gzf_link` [ RunTime:0.001727s ]
SQL: SELECT * FROM `gzf_link`  [ RunTime:0.000318s ]
SQL: SHOW COLUMNS FROM `gzf_nav` [ RunTime:0.001740s ]
SQL: SELECT * FROM `gzf_nav`  [ RunTime:0.000322s ]
SQL: SHOW COLUMNS FROM `gzf_textview` [ RunTime:0.002166s ]
SQL: SELECT * FROM `gzf_textview` LIMIT 1   [ RunTime:0.000305s ]
SQL: SHOW COLUMNS FROM `gzf_relate` [ RunTime:0.001542s ]
SQL: SELECT * FROM `gzf_relate`  [ RunTime:0.000457s ]
INFO: [ view_parse ] --START--
INFO: ParseTemplate Behavior ::run [ RunTime:0.039036s ]
INFO: [ view_parse ] --END-- [ RunTime:0.039521s ]
INFO: [ view_filter ] --START--
INFO: ContentReplace Behavior ::run [ RunTime:0.001072s ]
INFO: TokenBuild Behavior ::run [ RunTime:0.001053s ]
INFO: WriteHtmlCache Behavior ::run [ RunTime:0.000607s ]
INFO: ShowRuntime Behavior ::run [ RunTime:0.001335s ]
INFO: [ view_filter ] --END-- [ RunTime:0.005195s ]
INFO: [ view_end ] --START--
INFO: ShowPageTrace Behavior ::run [ RunTime:0.001179s ]
INFO: [ view_end ] --END-- [ RunTime:0.001683s ]

[ 2015-09-22T01:11:21+08:00 ] 101.226.169.227 /index.php/Academic/index/p/11.html
INFO: [ route_check ] --START--
INFO: CheckRoute Behavior ::run [ RunTime:0.001239s ]
INFO: [ route_check ] --END-- [ RunTime:0.001689s ]
INFO: [ app_begin ] --START--
INFO: ReadHtmlCache Behavior ::run [ RunTime:0.001092s ]
INFO: [ app_begin ] --END-- [ RunTime:0.001517s ]
NOTIC: [8] Undefined index: q C:\wamp\www\home\Lib\Action\CommonAction.class.php 第 27 行.
SQL: SHOW COLUMNS FROM `gzf_news` [ RunTime:0.002785s ]
SQL: SELECT COUNT(*) AS tp_count FROM `gzf_news` WHERE ( `NewsType` = 9 ) AND ( `NewsTitle` LIKE '%%' ) LIMIT 1   [ RunTime:0.000927s ]
SQL: SELECT `NewsId`,`NewsTitle`,`NewsContent`,`PublicDateTime`,`SaveFileName` FROM `gzf_news` WHERE ( `NewsType` = 9 ) AND ( `NewsTitle` LIKE '%%' ) ORDER BY NewsId desc LIMIT 100,10   [ RunTime:0.001096s ]
SQL: SHOW COLUMNS FROM `gzf_brief` [ RunTime:0.001869s ]
SQL: SELECT * FROM `gzf_brief` ORDER BY BriefId  [ RunTime:0.000364s ]
SQL: SHOW COLUMNS FROM `gzf_link` [ RunTime:0.001732s ]
SQL: SELECT * FROM `gzf_link`  [ RunTime:0.000326s ]
SQL: SHOW COLUMNS FROM `gzf_nav` [ RunTime:0.001905s ]
SQL: SELECT * FROM `gzf_nav`  [ RunTime:0.000326s ]
SQL: SHOW COLUMNS FROM `gzf_textview` [ RunTime:0.001997s ]
SQL: SELECT * FROM `gzf_textview` LIMIT 1   [ RunTime:0.000322s ]
SQL: SHOW COLUMNS FROM `gzf_relate` [ RunTime:0.001528s ]
SQL: SELECT * FROM `gzf_relate`  [ RunTime:0.000396s ]
INFO: [ view_parse ] --START--
INFO: ParseTemplate Behavior ::run [ RunTime:0.040220s ]
INFO: [ view_parse ] --END-- [ RunTime:0.040744s ]
INFO: [ view_filter ] --START--
INFO: ContentReplace Behavior ::run [ RunTime:0.000985s ]
INFO: TokenBuild Behavior ::run [ RunTime:0.000988s ]
INFO: WriteHtmlCache Behavior ::run [ RunTime:0.000542s ]
INFO: ShowRuntime Behavior ::run [ RunTime:0.001274s ]
INFO: [ view_filter ] --END-- [ RunTime:0.004948s ]
INFO: [ view_end ] --START--
INFO: ShowPageTrace Behavior ::run [ RunTime:0.001211s ]
INFO: [ view_end ] --END-- [ RunTime:0.001684s ]

[ 2015-09-22T01:14:35+08:00 ] 182.118.21.247 /index.php/News/index/p/2.html
INFO: [ route_check ] --START--
INFO: CheckRoute Behavior ::run [ RunTime:0.001434s ]
INFO: [ route_check ] --END-- [ RunTime:0.001869s ]
INFO: [ app_begin ] --START--
INFO: ReadHtmlCache Behavior ::run [ RunTime:0.001167s ]
INFO: [ app_begin ] --END-- [ RunTime:0.001612s ]
NOTIC: [8] Undefined index: q C:\wamp\www\home\Lib\Action\CommonAction.class.php 第 27 行.
SQL: SHOW COLUMNS FROM `gzf_news` [ RunTime:0.001882s ]
SQL: SELECT COUNT(*) AS tp_count FROM `gzf_news` WHERE ( `NewsType` = 12 ) AND ( `NewsTitle` LIKE '%%' ) LIMIT 1   [ RunTime:0.000674s ]
SQL: SELECT `NewsId`,`NewsTitle`,`NewsContent`,`PublicDateTime`,`SaveFileName` FROM `gzf_news` WHERE ( `NewsType` = 12 ) AND ( `NewsTitle` LIKE '%%' ) ORDER BY NewsId desc LIMIT 10,10   [ RunTime:0.001254s ]
SQL: SHOW COLUMNS FROM `gzf_brief` [ RunTime:0.001621s ]
SQL: SELECT * FROM `gzf_brief` ORDER BY BriefId  [ RunTime:0.000406s ]
SQL: SHOW COLUMNS FROM `gzf_link` [ RunTime:0.001503s ]
SQL: SELECT * FROM `gzf_link`  [ RunTime:0.000336s ]
SQL: SHOW COLUMNS FROM `gzf_nav` [ RunTime:0.001547s ]
SQL: SELECT * FROM `gzf_nav`  [ RunTime:0.000306s ]
SQL: SHOW COLUMNS FROM `gzf_textview` [ RunTime:0.001572s ]
SQL: SELECT * FROM `gzf_textview` LIMIT 1   [ RunTime:0.000291s ]
SQL: SHOW COLUMNS FROM `gzf_relate` [ RunTime:0.001458s ]
SQL: SELECT * FROM `gzf_relate`  [ RunTime:0.000479s ]
INFO: [ view_parse ] --START--
INFO: ParseTemplate Behavior ::run [ RunTime:0.032507s ]
INFO: [ view_parse ] --END-- [ RunTime:0.032975s ]
INFO: [ view_filter ] --START--
INFO: ContentReplace Behavior ::run [ RunTime:0.001048s ]
INFO: TokenBuild Behavior ::run [ RunTime:0.001013s ]
INFO: WriteHtmlCache Behavior ::run [ RunTime:0.000615s ]
INFO: ShowRuntime Behavior ::run [ RunTime:0.001282s ]
INFO: [ view_filter ] --END-- [ RunTime:0.005089s ]
INFO: [ view_end ] --START--
INFO: ShowPageTrace Behavior ::run [ RunTime:0.001152s ]
INFO: [ view_end ] --END-- [ RunTime:0.001573s ]

[ 2015-09-22T01:21:06+08:00 ] 182.118.20.235 /index.php/Database
INFO: [ route_check ] --START--
INFO: CheckRoute Behavior ::run [ RunTime:0.001374s ]
INFO: [ route_check ] --END-- [ RunTime:0.001801s ]
INFO: [ app_begin ] --START--
INFO: ReadHtmlCache Behavior ::run [ RunTime:0.001171s ]
INFO: [ app_begin ] --END-- [ RunTime:0.001684s ]
NOTIC: [8] Undefined index: q C:\wamp\www\home\Lib\Action\CommonAction.class.php 第 27 行.
SQL: SHOW COLUMNS FROM `gzf_news` [ RunTime:0.001921s ]
SQL: SELECT COUNT(*) AS tp_count FROM `gzf_news` WHERE ( `NewsType` = 12 ) AND ( `NewsTitle` LIKE '%%' ) LIMIT 1   [ RunTime:0.000643s ]
SQL: SELECT `NewsId`,`NewsTitle`,`NewsContent`,`PublicDateTime`,`SaveFileName` FROM `gzf_news` WHERE ( `NewsType` = 12 ) AND ( `NewsTitle` LIKE '%%' ) ORDER BY NewsId desc LIMIT 0,5   [ RunTime:0.000633s ]
SQL: SHOW COLUMNS FROM `gzf_brief` [ RunTime:0.001476s ]
SQL: SELECT * FROM `gzf_brief` ORDER BY BriefId  [ RunTime:0.000363s ]
SQL: SHOW COLUMNS FROM `gzf_link` [ RunTime:0.001463s ]
SQL: SELECT * FROM `gzf_link`  [ RunTime:0.000302s ]
SQL: SHOW COLUMNS FROM `gzf_nav` [ RunTime:0.001435s ]
SQL: SELECT * FROM `gzf_nav`  [ RunTime:0.000304s ]
SQL: SHOW COLUMNS FROM `gzf_textview` [ RunTime:0.001415s ]
SQL: SELECT * FROM `gzf_textview` LIMIT 1   [ RunTime:0.000290s ]
SQL: SHOW COLUMNS FROM `gzf_relate` [ RunTime:0.001421s ]
SQL: SELECT * FROM `gzf_relate`  [ RunTime:0.000452s ]
INFO: [ view_parse ] --START--
INFO: ParseTemplate Behavior ::run [ RunTime:0.031653s ]
INFO: [ view_parse ] --END-- [ RunTime:0.032084s ]
INFO: [ view_filter ] --START--
INFO: ContentReplace Behavior ::run [ RunTime:0.000943s ]
INFO: TokenBuild Behavior ::run [ RunTime:0.001088s ]
INFO: WriteHtmlCache Behavior ::run [ RunTime:0.000601s ]
INFO: ShowRuntime Behavior ::run [ RunTime:0.001329s ]
INFO: [ view_filter ] --END-- [ RunTime:0.005128s ]
INFO: [ view_end ] --START--
INFO: ShowPageTrace Behavior ::run [ RunTime:0.001141s ]
INFO: [ view_end ] --END-- [ RunTime:0.001581s ]

[ 2015-09-22T01:29:11+08:00 ] 182.118.25.218 /index.php/Article/index/id/44
INFO: [ route_check ] --START--
INFO: CheckRoute Behavior ::run [ RunTime:0.001871s ]
INFO: [ route_check ] --END-- [ RunTime:0.002376s ]
INFO: [ app_begin ] --START--
INFO: ReadHtmlCache Behavior ::run [ RunTime:0.001199s ]
INFO: [ app_begin ] --END-- [ RunTime:0.001625s ]
SQL: SHOW COLUMNS FROM `gzf_news` [ RunTime:0.001882s ]
SQL: UPDATE `gzf_news` SET `Counter`=Counter+1 WHERE ( `NewsId` = 44 ) [ RunTime:0.000443s ]
SQL: SELECT * FROM `gzf_news` WHERE ( `NewsId` = 44 )  [ RunTime:0.000418s ]
SQL: SELECT `NewsTitle` FROM `gzf_news` WHERE ( `NewsId` = 44 ) LIMIT 1   [ RunTime:0.000326s ]
INFO: [ view_parse ] --START--
NOTIC: [8] Undefined variable: nav C:\wamp\www\home\Runtime\Cache\610ca9348546c70715a42fb25d3852b8.php 第 118 行.
NOTIC: [8] Undefined variable: link C:\wamp\www\home\Runtime\Cache\610ca9348546c70715a42fb25d3852b8.php 第 201 行.
NOTIC: [8] Undefined variable: nav C:\wamp\www\home\Runtime\Cache\610ca9348546c70715a42fb25d3852b8.php 第 226 行.
INFO: ParseTemplate Behavior ::run [ RunTime:0.032742s ]
INFO: [ view_parse ] --END-- [ RunTime:0.033189s ]
INFO: [ view_filter ] --START--
INFO: ContentReplace Behavior ::run [ RunTime:0.001042s ]
INFO: TokenBuild Behavior ::run [ RunTime:0.001074s ]
INFO: WriteHtmlCache Behavior ::run [ RunTime:0.000642s ]
INFO: ShowRuntime Behavior ::run [ RunTime:0.001354s ]
INFO: [ view_filter ] --END-- [ RunTime:0.005287s ]
INFO: [ view_end ] --START--
INFO: ShowPageTrace Behavior ::run [ RunTime:0.001139s ]
INFO: [ view_end ] --END-- [ RunTime:0.001582s ]

[ 2015-09-22T13:44:05+08:00 ] 42.120.161.29 /
INFO: [ app_begin ] --START--
INFO: ReadHtmlCache Behavior ::run [ RunTime:0.001276s ]
INFO: [ app_begin ] --END-- [ RunTime:0.001718s ]
SQL: SHOW COLUMNS FROM `gzf_teachers` [ RunTime:0.003203s ]
SQL: SELECT * FROM `gzf_teachers` WHERE ( TeachersIndex=1 )  [ RunTime:0.000467s ]
SQL: SELECT COUNT(*) AS tp_count FROM `gzf_teachers` WHERE ( TeachersIndex=1 ) LIMIT 1   [ RunTime:0.000376s ]
NOTIC: [8] Undefined variable: ifdiv C:\wamp\www\home\Lib\Action\CommonAction.class.php 第 77 行.
SQL: SHOW COLUMNS FROM `gzf_news` [ RunTime:0.001981s ]
SQL: SELECT `NewsId`,`NewsTitle`,`NewsContent` FROM `gzf_news` WHERE ( `NewsType` = 12 ) ORDER BY NewsId desc LIMIT 6   [ RunTime:0.000748s ]
SQL: SELECT `NewsId`,`NewsTitle`,`NewsContent` FROM `gzf_news` WHERE ( `NewsType` = 9 ) ORDER BY NewsId desc LIMIT 6   [ RunTime:0.000657s ]
SQL: SELECT `NewsId`,`NewsTitle`,`NewsContent` FROM `gzf_news` WHERE ( `NewsType` = 3 ) ORDER BY NewsId desc LIMIT 6   [ RunTime:0.001304s ]
SQL: SHOW COLUMNS FROM `gzf_brief` [ RunTime:0.001793s ]
SQL: SELECT * FROM `gzf_brief` ORDER BY BriefId  [ RunTime:0.000378s ]
SQL: SHOW COLUMNS FROM `gzf_link` [ RunTime:0.001863s ]
SQL: SELECT * FROM `gzf_link`  [ RunTime:0.000311s ]
SQL: SHOW COLUMNS FROM `gzf_nav` [ RunTime:0.001713s ]
SQL: SELECT * FROM `gzf_nav`  [ RunTime:0.000371s ]
SQL: SHOW COLUMNS FROM `gzf_textview` [ RunTime:0.001708s ]
SQL: SELECT * FROM `gzf_textview` LIMIT 1   [ RunTime:0.000329s ]
SQL: SHOW COLUMNS FROM `gzf_relate` [ RunTime:0.001545s ]
SQL: SELECT * FROM `gzf_relate`  [ RunTime:0.000461s ]
INFO: [ view_parse ] --START--
NOTIC: [8] Undefined index: Title C:\wamp\www\home\Runtime\Cache\d046431aa157c89f3a1c30c426be003b.php 第 306 行.
NOTIC: [8] Undefined index: Title C:\wamp\www\home\Runtime\Cache\d046431aa157c89f3a1c30c426be003b.php 第 306 行.
NOTIC: [8] Undefined index: Title C:\wamp\www\home\Runtime\Cache\d046431aa157c89f3a1c30c426be003b.php 第 306 行.
NOTIC: [8] Undefined index: Title C:\wamp\www\home\Runtime\Cache\d046431aa157c89f3a1c30c426be003b.php 第 306 行.
NOTIC: [8] Undefined index: Title C:\wamp\www\home\Runtime\Cache\d046431aa157c89f3a1c30c426be003b.php 第 306 行.
NOTIC: [8] Undefined index: Title C:\wamp\www\home\Runtime\Cache\d046431aa157c89f3a1c30c426be003b.php 第 306 行.
INFO: ParseTemplate Behavior ::run [ RunTime:0.066587s ]
INFO: [ view_parse ] --END-- [ RunTime:0.067039s ]
INFO: [ view_filter ] --START--
INFO: ContentReplace Behavior ::run [ RunTime:0.002208s ]
INFO: TokenBuild Behavior ::run [ RunTime:0.001242s ]
INFO: WriteHtmlCache Behavior ::run [ RunTime:0.000634s ]
INFO: ShowRuntime Behavior ::run [ RunTime:0.001794s ]
INFO: [ view_filter ] --END-- [ RunTime:0.007032s ]
INFO: [ view_end ] --START--
INFO: ShowPageTrace Behavior ::run [ RunTime:0.001216s ]
INFO: [ view_end ] --END-- [ RunTime:0.001685s ]

[ 2015-09-22T16:43:39+08:00 ] 182.138.127.171 /
INFO: [ app_begin ] --START--
INFO: ReadHtmlCache Behavior ::run [ RunTime:0.001291s ]
INFO: [ app_begin ] --END-- [ RunTime:0.001749s ]
SQL: SHOW COLUMNS FROM `gzf_teachers` [ RunTime:0.009530s ]
SQL: SELECT * FROM `gzf_teachers` WHERE ( TeachersIndex=1 )  [ RunTime:0.000467s ]
SQL: SELECT COUNT(*) AS tp_count FROM `gzf_teachers` WHERE ( TeachersIndex=1 ) LIMIT 1   [ RunTime:0.000331s ]
NOTIC: [8] Undefined variable: ifdiv C:\wamp\www\home\Lib\Action\CommonAction.class.php 第 77 行.
SQL: SHOW COLUMNS FROM `gzf_news` [ RunTime:0.001930s ]
SQL: SELECT `NewsId`,`NewsTitle`,`NewsContent` FROM `gzf_news` WHERE ( `NewsType` = 12 ) ORDER BY NewsId desc LIMIT 6   [ RunTime:0.000748s ]
SQL: SELECT `NewsId`,`NewsTitle`,`NewsContent` FROM `gzf_news` WHERE ( `NewsType` = 9 ) ORDER BY NewsId desc LIMIT 6   [ RunTime:0.000581s ]
SQL: SELECT `NewsId`,`NewsTitle`,`NewsContent` FROM `gzf_news` WHERE ( `NewsType` = 3 ) ORDER BY NewsId desc LIMIT 6   [ RunTime:0.001239s ]
SQL: SHOW COLUMNS FROM `gzf_brief` [ RunTime:0.001802s ]
SQL: SELECT * FROM `gzf_brief` ORDER BY BriefId  [ RunTime:0.000425s ]
SQL: SHOW COLUMNS FROM `gzf_link` [ RunTime:0.001710s ]
SQL: SELECT * FROM `gzf_link`  [ RunTime:0.000340s ]
SQL: SHOW COLUMNS FROM `gzf_nav` [ RunTime:0.001848s ]
SQL: SELECT * FROM `gzf_nav`  [ RunTime:0.000326s ]
SQL: SHOW COLUMNS FROM `gzf_textview` [ RunTime:0.001716s ]
SQL: SELECT * FROM `gzf_textview` LIMIT 1   [ RunTime:0.000304s ]
SQL: SHOW COLUMNS FROM `gzf_relate` [ RunTime:0.001577s ]
SQL: SELECT * FROM `gzf_relate`  [ RunTime:0.000452s ]
INFO: [ view_parse ] --START--
NOTIC: [8] Undefined index: Title C:\wamp\www\home\Runtime\Cache\d046431aa157c89f3a1c30c426be003b.php 第 306 行.
NOTIC: [8] Undefined index: Title C:\wamp\www\home\Runtime\Cache\d046431aa157c89f3a1c30c426be003b.php 第 306 行.
NOTIC: [8] Undefined index: Title C:\wamp\www\home\Runtime\Cache\d046431aa157c89f3a1c30c426be003b.php 第 306 行.
NOTIC: [8] Undefined index: Title C:\wamp\www\home\Runtime\Cache\d046431aa157c89f3a1c30c426be003b.php 第 306 行.
NOTIC: [8] Undefined index: Title C:\wamp\www\home\Runtime\Cache\d046431aa157c89f3a1c30c426be003b.php 第 306 行.
NOTIC: [8] Undefined index: Title C:\wamp\www\home\Runtime\Cache\d046431aa157c89f3a1c30c426be003b.php 第 306 行.
INFO: ParseTemplate Behavior ::run [ RunTime:0.064897s ]
INFO: [ view_parse ] --END-- [ RunTime:0.065336s ]
INFO: [ view_filter ] --START--
INFO: ContentReplace Behavior ::run [ RunTime:0.002160s ]
INFO: TokenBuild Behavior ::run [ RunTime:0.001169s ]
INFO: WriteHtmlCache Behavior ::run [ RunTime:0.000641s ]
INFO: ShowRuntime Behavior ::run [ RunTime:0.001730s ]
INFO: [ view_filter ] --END-- [ RunTime:0.006853s ]
INFO: [ view_end ] --START--
INFO: ShowPageTrace Behavior ::run [ RunTime:0.001141s ]
INFO: [ view_end ] --END-- [ RunTime:0.001583s ]

[ 2015-09-22T18:56:12+08:00 ] 203.208.60.91 /index.php/Article/index/id/106
INFO: [ route_check ] --START--
INFO: CheckRoute Behavior ::run [ RunTime:0.001443s ]
INFO: [ route_check ] --END-- [ RunTime:0.001891s ]
INFO: [ app_begin ] --START--
INFO: ReadHtmlCache Behavior ::run [ RunTime:0.001188s ]
INFO: [ app_begin ] --END-- [ RunTime:0.001605s ]
SQL: SHOW COLUMNS FROM `gzf_news` [ RunTime:0.002144s ]
SQL: UPDATE `gzf_news` SET `Counter`=Counter+1 WHERE ( `NewsId` = 106 ) [ RunTime:0.000434s ]
SQL: SELECT * FROM `gzf_news` WHERE ( `NewsId` = 106 )  [ RunTime:0.000401s ]
SQL: SELECT `NewsTitle` FROM `gzf_news` WHERE ( `NewsId` = 106 ) LIMIT 1   [ RunTime:0.000315s ]
INFO: [ view_parse ] --START--
NOTIC: [8] Undefined variable: nav C:\wamp\www\home\Runtime\Cache\610ca9348546c70715a42fb25d3852b8.php 第 118 行.
NOTIC: [8] Undefined variable: link C:\wamp\www\home\Runtime\Cache\610ca9348546c70715a42fb25d3852b8.php 第 201 行.
NOTIC: [8] Undefined variable: nav C:\wamp\www\home\Runtime\Cache\610ca9348546c70715a42fb25d3852b8.php 第 226 行.
INFO: ParseTemplate Behavior ::run [ RunTime:0.032318s ]
INFO: [ view_parse ] --END-- [ RunTime:0.032745s ]
INFO: [ view_filter ] --START--
INFO: ContentReplace Behavior ::run [ RunTime:0.000928s ]
INFO: TokenBuild Behavior ::run [ RunTime:0.001039s ]
INFO: WriteHtmlCache Behavior ::run [ RunTime:0.000616s ]
INFO: ShowRuntime Behavior ::run [ RunTime:0.001310s ]
INFO: [ view_filter ] --END-- [ RunTime:0.005065s ]
INFO: [ view_end ] --START--
INFO: ShowPageTrace Behavior ::run [ RunTime:0.001127s ]
INFO: [ view_end ] --END-- [ RunTime:0.001540s ]

[ 2015-09-22T20:28:44+08:00 ] 203.208.60.103 /index.php/Teachers
INFO: [ route_check ] --START--
INFO: CheckRoute Behavior ::run [ RunTime:0.001443s ]
INFO: [ route_check ] --END-- [ RunTime:0.001887s ]
INFO: [ app_begin ] --START--
INFO: ReadHtmlCache Behavior ::run [ RunTime:0.001143s ]
INFO: [ app_begin ] --END-- [ RunTime:0.001570s ]
NOTIC: [2] Missing argument 1 for CommonAction::getteachers(), called in C:\wamp\www\home\Lib\Action\TeachersAction.class.php on line 4 and defined C:\wamp\www\home\Lib\Action\CommonAction.class.php 第 63 行.
SQL: SHOW COLUMNS FROM `gzf_teachers` [ RunTime:0.002208s ]
SQL: SELECT * FROM `gzf_teachers`  [ RunTime:0.000497s ]
SQL: SELECT COUNT(*) AS tp_count FROM `gzf_teachers` LIMIT 1   [ RunTime:0.000276s ]
NOTIC: [8] Undefined variable: ifdiv C:\wamp\www\home\Lib\Action\CommonAction.class.php 第 77 行.
SQL: SHOW COLUMNS FROM `gzf_brief` [ RunTime:0.001868s ]
SQL: SELECT * FROM `gzf_brief` ORDER BY BriefId  [ RunTime:0.000412s ]
SQL: SHOW COLUMNS FROM `gzf_link` [ RunTime:0.001723s ]
SQL: SELECT * FROM `gzf_link`  [ RunTime:0.000327s ]
SQL: SHOW COLUMNS FROM `gzf_nav` [ RunTime:0.001748s ]
SQL: SELECT * FROM `gzf_nav`  [ RunTime:0.000335s ]
SQL: SHOW COLUMNS FROM `gzf_textview` [ RunTime:0.001733s ]
SQL: SELECT * FROM `gzf_textview` LIMIT 1   [ RunTime:0.000312s ]
SQL: SHOW COLUMNS FROM `gzf_relate` [ RunTime:0.001544s ]
SQL: SELECT * FROM `gzf_relate`  [ RunTime:0.000425s ]
INFO: [ view_parse ] --START--
INFO: ParseTemplate Behavior ::run [ RunTime:0.033461s ]
INFO: [ view_parse ] --END-- [ RunTime:0.033939s ]
INFO: [ view_filter ] --START--
INFO: ContentReplace Behavior ::run [ RunTime:0.001004s ]
INFO: TokenBuild Behavior ::run [ RunTime:0.001060s ]
INFO: WriteHtmlCache Behavior ::run [ RunTime:0.000605s ]
INFO: ShowRuntime Behavior ::run [ RunTime:0.001314s ]
INFO: [ view_filter ] --END-- [ RunTime:0.005145s ]
INFO: [ view_end ] --START--
INFO: ShowPageTrace Behavior ::run [ RunTime:0.001148s ]
INFO: [ view_end ] --END-- [ RunTime:0.001563s ]

