[ 2015-09-21T02:18:58+08:00 ] 203.208.60.88 /index.php/Teachers
INFO: [ route_check ] --START--
INFO: CheckRoute Behavior ::run [ RunTime:0.001396s ]
INFO: [ route_check ] --END-- [ RunTime:0.001838s ]
INFO: [ app_begin ] --START--
INFO: ReadHtmlCache Behavior ::run [ RunTime:0.001253s ]
INFO: [ app_begin ] --END-- [ RunTime:0.001749s ]
NOTIC: [2] Missing argument 1 for CommonAction::getteachers(), called in C:\wamp\www\home\Lib\Action\TeachersAction.class.php on line 4 and defined C:\wamp\www\home\Lib\Action\CommonAction.class.php 第 63 行.
SQL: SHOW COLUMNS FROM `gzf_teachers` [ RunTime:0.002126s ]
SQL: SELECT * FROM `gzf_teachers`  [ RunTime:0.000487s ]
SQL: SELECT COUNT(*) AS tp_count FROM `gzf_teachers` LIMIT 1   [ RunTime:0.000272s ]
NOTIC: [8] Undefined variable: ifdiv C:\wamp\www\home\Lib\Action\CommonAction.class.php 第 77 行.
SQL: SHOW COLUMNS FROM `gzf_brief` [ RunTime:0.001776s ]
SQL: SELECT * FROM `gzf_brief` ORDER BY BriefId  [ RunTime:0.000392s ]
SQL: SHOW COLUMNS FROM `gzf_link` [ RunTime:0.001684s ]
SQL: SELECT * FROM `gzf_link`  [ RunTime:0.000320s ]
SQL: SHOW COLUMNS FROM `gzf_nav` [ RunTime:0.001680s ]
SQL: SELECT * FROM `gzf_nav`  [ RunTime:0.000365s ]
SQL: SHOW COLUMNS FROM `gzf_textview` [ RunTime:0.001683s ]
SQL: SELECT * FROM `gzf_textview` LIMIT 1   [ RunTime:0.000305s ]
SQL: SHOW COLUMNS FROM `gzf_relate` [ RunTime:0.001539s ]
SQL: SELECT * FROM `gzf_relate`  [ RunTime:0.000425s ]
INFO: [ view_parse ] --START--
INFO: ParseTemplate Behavior ::run [ RunTime:0.033638s ]
INFO: [ view_parse ] --END-- [ RunTime:0.034068s ]
INFO: [ view_filter ] --START--
INFO: ContentReplace Behavior ::run [ RunTime:0.000979s ]
INFO: TokenBuild Behavior ::run [ RunTime:0.001055s ]
INFO: WriteHtmlCache Behavior ::run [ RunTime:0.000596s ]
INFO: ShowRuntime Behavior ::run [ RunTime:0.001292s ]
INFO: [ view_filter ] --END-- [ RunTime:0.005058s ]
INFO: [ view_end ] --START--
INFO: ShowPageTrace Behavior ::run [ RunTime:0.001124s ]
INFO: [ view_end ] --END-- [ RunTime:0.001568s ]

[ 2015-09-21T06:14:18+08:00 ] 101.226.168.223 /index.php/Article/index/id/43
INFO: [ route_check ] --START--
INFO: CheckRoute Behavior ::run [ RunTime:0.001450s ]
INFO: [ route_check ] --END-- [ RunTime:0.001928s ]
INFO: [ app_begin ] --START--
INFO: ReadHtmlCache Behavior ::run [ RunTime:0.001169s ]
INFO: [ app_begin ] --END-- [ RunTime:0.001611s ]
SQL: SHOW COLUMNS FROM `gzf_news` [ RunTime:0.002538s ]
SQL: UPDATE `gzf_news` SET `Counter`=Counter+1 WHERE ( `NewsId` = 43 ) [ RunTime:0.000483s ]
SQL: SELECT * FROM `gzf_news` WHERE ( `NewsId` = 43 )  [ RunTime:0.000391s ]
SQL: SELECT `NewsTitle` FROM `gzf_news` WHERE ( `NewsId` = 43 ) LIMIT 1   [ RunTime:0.000327s ]
INFO: [ view_parse ] --START--
NOTIC: [8] Undefined variable: nav C:\wamp\www\home\Runtime\Cache\610ca9348546c70715a42fb25d3852b8.php 第 118 行.
NOTIC: [8] Undefined variable: link C:\wamp\www\home\Runtime\Cache\610ca9348546c70715a42fb25d3852b8.php 第 201 行.
NOTIC: [8] Undefined variable: nav C:\wamp\www\home\Runtime\Cache\610ca9348546c70715a42fb25d3852b8.php 第 226 行.
INFO: ParseTemplate Behavior ::run [ RunTime:0.033854s ]
INFO: [ view_parse ] --END-- [ RunTime:0.034336s ]
INFO: [ view_filter ] --START--
INFO: ContentReplace Behavior ::run [ RunTime:0.000946s ]
INFO: TokenBuild Behavior ::run [ RunTime:0.001049s ]
INFO: WriteHtmlCache Behavior ::run [ RunTime:0.000611s ]
INFO: ShowRuntime Behavior ::run [ RunTime:0.001476s ]
INFO: [ view_filter ] --END-- [ RunTime:0.005260s ]
INFO: [ view_end ] --START--
INFO: ShowPageTrace Behavior ::run [ RunTime:0.001140s ]
INFO: [ view_end ] --END-- [ RunTime:0.001560s ]

[ 2015-09-21T07:23:12+08:00 ] 203.208.60.92 /index.php/Aboutus
INFO: [ route_check ] --START--
INFO: CheckRoute Behavior ::run [ RunTime:0.001381s ]
INFO: [ route_check ] --END-- [ RunTime:0.001830s ]
INFO: [ app_begin ] --START--
INFO: ReadHtmlCache Behavior ::run [ RunTime:0.001172s ]
INFO: [ app_begin ] --END-- [ RunTime:0.001600s ]
SQL: SHOW COLUMNS FROM `gzf_aboutus` [ RunTime:0.002824s ]
SQL: SELECT * FROM `gzf_aboutus` LIMIT 1   [ RunTime:0.009962s ]
SQL: SHOW COLUMNS FROM `gzf_brief` [ RunTime:0.001741s ]
SQL: SELECT * FROM `gzf_brief` ORDER BY BriefId  [ RunTime:0.000394s ]
SQL: SHOW COLUMNS FROM `gzf_link` [ RunTime:0.001793s ]
SQL: SELECT * FROM `gzf_link`  [ RunTime:0.000312s ]
SQL: SHOW COLUMNS FROM `gzf_nav` [ RunTime:0.001744s ]
SQL: SELECT * FROM `gzf_nav`  [ RunTime:0.000329s ]
SQL: SHOW COLUMNS FROM `gzf_textview` [ RunTime:0.001681s ]
SQL: SELECT * FROM `gzf_textview` LIMIT 1   [ RunTime:0.000300s ]
SQL: SHOW COLUMNS FROM `gzf_relate` [ RunTime:0.001615s ]
SQL: SELECT * FROM `gzf_relate`  [ RunTime:0.000386s ]
INFO: [ view_parse ] --START--
INFO: ParseTemplate Behavior ::run [ RunTime:0.043470s ]
INFO: [ view_parse ] --END-- [ RunTime:0.043993s ]
INFO: [ view_filter ] --START--
INFO: ContentReplace Behavior ::run [ RunTime:0.001021s ]
INFO: TokenBuild Behavior ::run [ RunTime:0.001194s ]
INFO: WriteHtmlCache Behavior ::run [ RunTime:0.000665s ]
INFO: ShowRuntime Behavior ::run [ RunTime:0.001871s ]
INFO: [ view_filter ] --END-- [ RunTime:0.005981s ]
INFO: [ view_end ] --START--
INFO: ShowPageTrace Behavior ::run [ RunTime:0.001227s ]
INFO: [ view_end ] --END-- [ RunTime:0.001713s ]

[ 2015-09-21T11:09:11+08:00 ] 111.9.68.73 /
INFO: [ app_begin ] --START--
INFO: ReadHtmlCache Behavior ::run [ RunTime:0.001233s ]
INFO: [ app_begin ] --END-- [ RunTime:0.001677s ]
SQL: SHOW COLUMNS FROM `gzf_teachers` [ RunTime:0.002150s ]
SQL: SELECT * FROM `gzf_teachers` WHERE ( TeachersIndex=1 )  [ RunTime:0.000437s ]
SQL: SELECT COUNT(*) AS tp_count FROM `gzf_teachers` WHERE ( TeachersIndex=1 ) LIMIT 1   [ RunTime:0.000341s ]
NOTIC: [8] Undefined variable: ifdiv C:\wamp\www\home\Lib\Action\CommonAction.class.php 第 77 行.
SQL: SHOW COLUMNS FROM `gzf_news` [ RunTime:0.002003s ]
SQL: SELECT `NewsId`,`NewsTitle`,`NewsContent` FROM `gzf_news` WHERE ( `NewsType` = 12 ) ORDER BY NewsId desc LIMIT 6   [ RunTime:0.000787s ]
SQL: SELECT `NewsId`,`NewsTitle`,`NewsContent` FROM `gzf_news` WHERE ( `NewsType` = 9 ) ORDER BY NewsId desc LIMIT 6   [ RunTime:0.000558s ]
SQL: SELECT `NewsId`,`NewsTitle`,`NewsContent` FROM `gzf_news` WHERE ( `NewsType` = 3 ) ORDER BY NewsId desc LIMIT 6   [ RunTime:0.001240s ]
SQL: SHOW COLUMNS FROM `gzf_brief` [ RunTime:0.001741s ]
SQL: SELECT * FROM `gzf_brief` ORDER BY BriefId  [ RunTime:0.000370s ]
SQL: SHOW COLUMNS FROM `gzf_link` [ RunTime:0.001735s ]
SQL: SELECT * FROM `gzf_link`  [ RunTime:0.000314s ]
SQL: SHOW COLUMNS FROM `gzf_nav` [ RunTime:0.001695s ]
SQL: SELECT * FROM `gzf_nav`  [ RunTime:0.000310s ]
SQL: SHOW COLUMNS FROM `gzf_textview` [ RunTime:0.001613s ]
SQL: SELECT * FROM `gzf_textview` LIMIT 1   [ RunTime:0.000296s ]
SQL: SHOW COLUMNS FROM `gzf_relate` [ RunTime:0.001500s ]
SQL: SELECT * FROM `gzf_relate`  [ RunTime:0.000435s ]
INFO: [ view_parse ] --START--
NOTIC: [8] Undefined index: Title C:\wamp\www\home\Runtime\Cache\d046431aa157c89f3a1c30c426be003b.php 第 306 行.
NOTIC: [8] Undefined index: Title C:\wamp\www\home\Runtime\Cache\d046431aa157c89f3a1c30c426be003b.php 第 306 行.
NOTIC: [8] Undefined index: Title C:\wamp\www\home\Runtime\Cache\d046431aa157c89f3a1c30c426be003b.php 第 306 行.
NOTIC: [8] Undefined index: Title C:\wamp\www\home\Runtime\Cache\d046431aa157c89f3a1c30c426be003b.php 第 306 行.
NOTIC: [8] Undefined index: Title C:\wamp\www\home\Runtime\Cache\d046431aa157c89f3a1c30c426be003b.php 第 306 行.
NOTIC: [8] Undefined index: Title C:\wamp\www\home\Runtime\Cache\d046431aa157c89f3a1c30c426be003b.php 第 306 行.
INFO: ParseTemplate Behavior ::run [ RunTime:0.064529s ]
INFO: [ view_parse ] --END-- [ RunTime:0.064990s ]
INFO: [ view_filter ] --START--
INFO: ContentReplace Behavior ::run [ RunTime:0.002136s ]
INFO: TokenBuild Behavior ::run [ RunTime:0.001223s ]
INFO: WriteHtmlCache Behavior ::run [ RunTime:0.000698s ]
INFO: ShowRuntime Behavior ::run [ RunTime:0.001771s ]
INFO: [ view_filter ] --END-- [ RunTime:0.007033s ]
INFO: [ view_end ] --START--
INFO: ShowPageTrace Behavior ::run [ RunTime:0.001209s ]
INFO: [ view_end ] --END-- [ RunTime:0.001660s ]

[ 2015-09-21T14:22:26+08:00 ] 203.208.60.86 /index.php/Database
INFO: [ route_check ] --START--
INFO: CheckRoute Behavior ::run [ RunTime:0.001527s ]
INFO: [ route_check ] --END-- [ RunTime:0.002028s ]
INFO: [ app_begin ] --START--
INFO: ReadHtmlCache Behavior ::run [ RunTime:0.001661s ]
INFO: [ app_begin ] --END-- [ RunTime:0.002232s ]
NOTIC: [8] Undefined index: q C:\wamp\www\home\Lib\Action\CommonAction.class.php 第 27 行.
SQL: SHOW COLUMNS FROM `gzf_news` [ RunTime:0.009663s ]
SQL: SELECT COUNT(*) AS tp_count FROM `gzf_news` WHERE ( `NewsType` = 12 ) AND ( `NewsTitle` LIKE '%%' ) LIMIT 1   [ RunTime:0.000839s ]
SQL: SELECT `NewsId`,`NewsTitle`,`NewsContent`,`PublicDateTime`,`SaveFileName` FROM `gzf_news` WHERE ( `NewsType` = 12 ) AND ( `NewsTitle` LIKE '%%' ) ORDER BY NewsId desc LIMIT 0,5   [ RunTime:0.000692s ]
SQL: SHOW COLUMNS FROM `gzf_brief` [ RunTime:0.001923s ]
SQL: SELECT * FROM `gzf_brief` ORDER BY BriefId  [ RunTime:0.000370s ]
SQL: SHOW COLUMNS FROM `gzf_link` [ RunTime:0.001674s ]
SQL: SELECT * FROM `gzf_link`  [ RunTime:0.000326s ]
SQL: SHOW COLUMNS FROM `gzf_nav` [ RunTime:0.001751s ]
SQL: SELECT * FROM `gzf_nav`  [ RunTime:0.000317s ]
SQL: SHOW COLUMNS FROM `gzf_textview` [ RunTime:0.001655s ]
SQL: SELECT * FROM `gzf_textview` LIMIT 1   [ RunTime:0.000309s ]
SQL: SHOW COLUMNS FROM `gzf_relate` [ RunTime:0.001505s ]
SQL: SELECT * FROM `gzf_relate`  [ RunTime:0.000443s ]
INFO: [ view_parse ] --START--
INFO: ParseTemplate Behavior ::run [ RunTime:0.032976s ]
INFO: [ view_parse ] --END-- [ RunTime:0.033430s ]
INFO: [ view_filter ] --START--
INFO: ContentReplace Behavior ::run [ RunTime:0.001223s ]
INFO: TokenBuild Behavior ::run [ RunTime:0.001051s ]
INFO: WriteHtmlCache Behavior ::run [ RunTime:0.000614s ]
INFO: ShowRuntime Behavior ::run [ RunTime:0.001303s ]
INFO: [ view_filter ] --END-- [ RunTime:0.005449s ]
INFO: [ view_end ] --START--
INFO: ShowPageTrace Behavior ::run [ RunTime:0.001188s ]
INFO: [ view_end ] --END-- [ RunTime:0.001608s ]

[ 2015-09-21T16:39:09+08:00 ] 203.208.60.89 /index.php/Teachers
INFO: [ route_check ] --START--
INFO: CheckRoute Behavior ::run [ RunTime:0.001446s ]
INFO: [ route_check ] --END-- [ RunTime:0.001956s ]
INFO: [ app_begin ] --START--
INFO: ReadHtmlCache Behavior ::run [ RunTime:0.001285s ]
INFO: [ app_begin ] --END-- [ RunTime:0.001762s ]
NOTIC: [2] Missing argument 1 for CommonAction::getteachers(), called in C:\wamp\www\home\Lib\Action\TeachersAction.class.php on line 4 and defined C:\wamp\www\home\Lib\Action\CommonAction.class.php 第 63 行.
SQL: SHOW COLUMNS FROM `gzf_teachers` [ RunTime:0.002218s ]
SQL: SELECT * FROM `gzf_teachers`  [ RunTime:0.000498s ]
SQL: SELECT COUNT(*) AS tp_count FROM `gzf_teachers` LIMIT 1   [ RunTime:0.000315s ]
NOTIC: [8] Undefined variable: ifdiv C:\wamp\www\home\Lib\Action\CommonAction.class.php 第 77 行.
SQL: SHOW COLUMNS FROM `gzf_brief` [ RunTime:0.001796s ]
SQL: SELECT * FROM `gzf_brief` ORDER BY BriefId  [ RunTime:0.000392s ]
SQL: SHOW COLUMNS FROM `gzf_link` [ RunTime:0.001735s ]
SQL: SELECT * FROM `gzf_link`  [ RunTime:0.000317s ]
SQL: SHOW COLUMNS FROM `gzf_nav` [ RunTime:0.001821s ]
SQL: SELECT * FROM `gzf_nav`  [ RunTime:0.000322s ]
SQL: SHOW COLUMNS FROM `gzf_textview` [ RunTime:0.001681s ]
SQL: SELECT * FROM `gzf_textview` LIMIT 1   [ RunTime:0.000328s ]
SQL: SHOW COLUMNS FROM `gzf_relate` [ RunTime:0.001835s ]
SQL: SELECT * FROM `gzf_relate`  [ RunTime:0.000457s ]
INFO: [ view_parse ] --START--
INFO: ParseTemplate Behavior ::run [ RunTime:0.033917s ]
INFO: [ view_parse ] --END-- [ RunTime:0.034367s ]
INFO: [ view_filter ] --START--
INFO: ContentReplace Behavior ::run [ RunTime:0.000999s ]
INFO: TokenBuild Behavior ::run [ RunTime:0.001046s ]
INFO: WriteHtmlCache Behavior ::run [ RunTime:0.000659s ]
INFO: ShowRuntime Behavior ::run [ RunTime:0.001343s ]
INFO: [ view_filter ] --END-- [ RunTime:0.005250s ]
INFO: [ view_end ] --START--
INFO: ShowPageTrace Behavior ::run [ RunTime:0.001187s ]
INFO: [ view_end ] --END-- [ RunTime:0.001664s ]

[ 2015-09-21T19:14:18+08:00 ] 203.208.60.92 /index.php/Article/index/id/97
INFO: [ route_check ] --START--
INFO: CheckRoute Behavior ::run [ RunTime:0.001418s ]
INFO: [ route_check ] --END-- [ RunTime:0.001865s ]
INFO: [ app_begin ] --START--
INFO: ReadHtmlCache Behavior ::run [ RunTime:0.001171s ]
INFO: [ app_begin ] --END-- [ RunTime:0.001610s ]
SQL: SHOW COLUMNS FROM `gzf_news` [ RunTime:0.002183s ]
SQL: UPDATE `gzf_news` SET `Counter`=Counter+1 WHERE ( `NewsId` = 97 ) [ RunTime:0.000545s ]
SQL: SELECT * FROM `gzf_news` WHERE ( `NewsId` = 97 )  [ RunTime:0.000410s ]
SQL: SELECT `NewsTitle` FROM `gzf_news` WHERE ( `NewsId` = 97 ) LIMIT 1   [ RunTime:0.000316s ]
INFO: [ view_parse ] --START--
NOTIC: [8] Undefined variable: nav C:\wamp\www\home\Runtime\Cache\610ca9348546c70715a42fb25d3852b8.php 第 118 行.
NOTIC: [8] Undefined variable: link C:\wamp\www\home\Runtime\Cache\610ca9348546c70715a42fb25d3852b8.php 第 201 行.
NOTIC: [8] Undefined variable: nav C:\wamp\www\home\Runtime\Cache\610ca9348546c70715a42fb25d3852b8.php 第 226 行.
INFO: ParseTemplate Behavior ::run [ RunTime:0.031906s ]
INFO: [ view_parse ] --END-- [ RunTime:0.032335s ]
INFO: [ view_filter ] --START--
INFO: ContentReplace Behavior ::run [ RunTime:0.000958s ]
INFO: TokenBuild Behavior ::run [ RunTime:0.001025s ]
INFO: WriteHtmlCache Behavior ::run [ RunTime:0.000629s ]
INFO: ShowRuntime Behavior ::run [ RunTime:0.001331s ]
INFO: [ view_filter ] --END-- [ RunTime:0.005099s ]
INFO: [ view_end ] --START--
INFO: ShowPageTrace Behavior ::run [ RunTime:0.001177s ]
INFO: [ view_end ] --END-- [ RunTime:0.001599s ]

