[ 2015-09-29T08:30:38+08:00 ] 68.180.230.243 /
INFO: [ app_begin ] --START--
INFO: ReadHtmlCache Behavior ::run [ RunTime:0.001291s ]
INFO: [ app_begin ] --END-- [ RunTime:0.001735s ]
SQL: SHOW COLUMNS FROM `gzf_teachers` [ RunTime:0.002236s ]
SQL: SELECT * FROM `gzf_teachers` WHERE ( TeachersIndex=1 )  [ RunTime:0.000482s ]
SQL: SELECT COUNT(*) AS tp_count FROM `gzf_teachers` WHERE ( TeachersIndex=1 ) LIMIT 1   [ RunTime:0.000333s ]
NOTIC: [8] Undefined variable: ifdiv C:\wamp\www\home\Lib\Action\CommonAction.class.php 第 77 行.
SQL: SHOW COLUMNS FROM `gzf_news` [ RunTime:0.001926s ]
SQL: SELECT `NewsId`,`NewsTitle`,`NewsContent` FROM `gzf_news` WHERE ( `NewsType` = 12 ) ORDER BY NewsId desc LIMIT 6   [ RunTime:0.000768s ]
SQL: SELECT `NewsId`,`NewsTitle`,`NewsContent` FROM `gzf_news` WHERE ( `NewsType` = 9 ) ORDER BY NewsId desc LIMIT 6   [ RunTime:0.000563s ]
SQL: SELECT `NewsId`,`NewsTitle`,`NewsContent` FROM `gzf_news` WHERE ( `NewsType` = 3 ) ORDER BY NewsId desc LIMIT 6   [ RunTime:0.001230s ]
SQL: SHOW COLUMNS FROM `gzf_brief` [ RunTime:0.001807s ]
SQL: SELECT * FROM `gzf_brief` ORDER BY BriefId  [ RunTime:0.000386s ]
SQL: SHOW COLUMNS FROM `gzf_link` [ RunTime:0.001779s ]
SQL: SELECT * FROM `gzf_link`  [ RunTime:0.000315s ]
SQL: SHOW COLUMNS FROM `gzf_nav` [ RunTime:0.001773s ]
SQL: SELECT * FROM `gzf_nav`  [ RunTime:0.000334s ]
SQL: SHOW COLUMNS FROM `gzf_textview` [ RunTime:0.001734s ]
SQL: SELECT * FROM `gzf_textview` LIMIT 1   [ RunTime:0.000301s ]
SQL: SHOW COLUMNS FROM `gzf_relate` [ RunTime:0.001549s ]
SQL: SELECT * FROM `gzf_relate`  [ RunTime:0.000475s ]
INFO: [ view_parse ] --START--
NOTIC: [8] Undefined index: Title C:\wamp\www\home\Runtime\Cache\d046431aa157c89f3a1c30c426be003b.php 第 306 行.
NOTIC: [8] Undefined index: Title C:\wamp\www\home\Runtime\Cache\d046431aa157c89f3a1c30c426be003b.php 第 306 行.
NOTIC: [8] Undefined index: Title C:\wamp\www\home\Runtime\Cache\d046431aa157c89f3a1c30c426be003b.php 第 306 行.
NOTIC: [8] Undefined index: Title C:\wamp\www\home\Runtime\Cache\d046431aa157c89f3a1c30c426be003b.php 第 306 行.
NOTIC: [8] Undefined index: Title C:\wamp\www\home\Runtime\Cache\d046431aa157c89f3a1c30c426be003b.php 第 306 行.
NOTIC: [8] Undefined index: Title C:\wamp\www\home\Runtime\Cache\d046431aa157c89f3a1c30c426be003b.php 第 306 行.
INFO: ParseTemplate Behavior ::run [ RunTime:0.063958s ]
INFO: [ view_parse ] --END-- [ RunTime:0.064401s ]
INFO: [ view_filter ] --START--
INFO: ContentReplace Behavior ::run [ RunTime:0.002041s ]
INFO: TokenBuild Behavior ::run [ RunTime:0.001160s ]
INFO: WriteHtmlCache Behavior ::run [ RunTime:0.000620s ]
INFO: ShowRuntime Behavior ::run [ RunTime:0.001702s ]
INFO: [ view_filter ] --END-- [ RunTime:0.006717s ]
INFO: [ view_end ] --START--
INFO: ShowPageTrace Behavior ::run [ RunTime:0.001125s ]
INFO: [ view_end ] --END-- [ RunTime:0.001542s ]

[ 2015-09-29T18:15:47+08:00 ] 42.156.137.115 /index.php/Teachers
INFO: [ route_check ] --START--
INFO: CheckRoute Behavior ::run [ RunTime:0.001399s ]
INFO: [ route_check ] --END-- [ RunTime:0.001869s ]
INFO: [ app_begin ] --START--
INFO: ReadHtmlCache Behavior ::run [ RunTime:0.001187s ]
INFO: [ app_begin ] --END-- [ RunTime:0.001606s ]
NOTIC: [2] Missing argument 1 for CommonAction::getteachers(), called in C:\wamp\www\home\Lib\Action\TeachersAction.class.php on line 4 and defined C:\wamp\www\home\Lib\Action\CommonAction.class.php 第 63 行.
SQL: SHOW COLUMNS FROM `gzf_teachers` [ RunTime:0.002133s ]
SQL: SELECT * FROM `gzf_teachers`  [ RunTime:0.000484s ]
SQL: SELECT COUNT(*) AS tp_count FROM `gzf_teachers` LIMIT 1   [ RunTime:0.000286s ]
NOTIC: [8] Undefined variable: ifdiv C:\wamp\www\home\Lib\Action\CommonAction.class.php 第 77 行.
SQL: SHOW COLUMNS FROM `gzf_brief` [ RunTime:0.001877s ]
SQL: SELECT * FROM `gzf_brief` ORDER BY BriefId  [ RunTime:0.000389s ]
SQL: SHOW COLUMNS FROM `gzf_link` [ RunTime:0.001719s ]
SQL: SELECT * FROM `gzf_link`  [ RunTime:0.000319s ]
SQL: SHOW COLUMNS FROM `gzf_nav` [ RunTime:0.001740s ]
SQL: SELECT * FROM `gzf_nav`  [ RunTime:0.000342s ]
SQL: SHOW COLUMNS FROM `gzf_textview` [ RunTime:0.001727s ]
SQL: SELECT * FROM `gzf_textview` LIMIT 1   [ RunTime:0.000310s ]
SQL: SHOW COLUMNS FROM `gzf_relate` [ RunTime:0.001603s ]
SQL: SELECT * FROM `gzf_relate`  [ RunTime:0.000460s ]
INFO: [ view_parse ] --START--
INFO: ParseTemplate Behavior ::run [ RunTime:0.034174s ]
INFO: [ view_parse ] --END-- [ RunTime:0.034629s ]
INFO: [ view_filter ] --START--
INFO: ContentReplace Behavior ::run [ RunTime:0.001023s ]
INFO: TokenBuild Behavior ::run [ RunTime:0.001025s ]
INFO: WriteHtmlCache Behavior ::run [ RunTime:0.000631s ]
INFO: ShowRuntime Behavior ::run [ RunTime:0.001426s ]
INFO: [ view_filter ] --END-- [ RunTime:0.005290s ]
INFO: [ view_end ] --START--
INFO: ShowPageTrace Behavior ::run [ RunTime:0.001155s ]
INFO: [ view_end ] --END-- [ RunTime:0.001606s ]

[ 2015-09-29T18:35:11+08:00 ] 42.156.137.115 /index.php/Article/index/id/109
INFO: [ route_check ] --START--
INFO: CheckRoute Behavior ::run [ RunTime:0.001389s ]
INFO: [ route_check ] --END-- [ RunTime:0.001837s ]
INFO: [ app_begin ] --START--
INFO: ReadHtmlCache Behavior ::run [ RunTime:0.001648s ]
INFO: [ app_begin ] --END-- [ RunTime:0.002082s ]
SQL: SHOW COLUMNS FROM `gzf_news` [ RunTime:0.002358s ]
SQL: UPDATE `gzf_news` SET `Counter`=Counter+1 WHERE ( `NewsId` = 109 ) [ RunTime:0.000442s ]
SQL: SELECT * FROM `gzf_news` WHERE ( `NewsId` = 109 )  [ RunTime:0.000457s ]
SQL: SELECT `NewsTitle` FROM `gzf_news` WHERE ( `NewsId` = 109 ) LIMIT 1   [ RunTime:0.000318s ]
INFO: [ view_parse ] --START--
NOTIC: [8] Undefined variable: nav C:\wamp\www\home\Runtime\Cache\610ca9348546c70715a42fb25d3852b8.php 第 118 行.
NOTIC: [8] Undefined variable: link C:\wamp\www\home\Runtime\Cache\610ca9348546c70715a42fb25d3852b8.php 第 201 行.
NOTIC: [8] Undefined variable: nav C:\wamp\www\home\Runtime\Cache\610ca9348546c70715a42fb25d3852b8.php 第 226 行.
INFO: ParseTemplate Behavior ::run [ RunTime:0.032356s ]
INFO: [ view_parse ] --END-- [ RunTime:0.032794s ]
INFO: [ view_filter ] --START--
INFO: ContentReplace Behavior ::run [ RunTime:0.000984s ]
INFO: TokenBuild Behavior ::run [ RunTime:0.001064s ]
INFO: WriteHtmlCache Behavior ::run [ RunTime:0.000624s ]
INFO: ShowRuntime Behavior ::run [ RunTime:0.001478s ]
INFO: [ view_filter ] --END-- [ RunTime:0.005359s ]
INFO: [ view_end ] --START--
INFO: ShowPageTrace Behavior ::run [ RunTime:0.001223s ]
INFO: [ view_end ] --END-- [ RunTime:0.001647s ]

[ 2015-09-29T23:51:38+08:00 ] 101.226.168.200 /index.php/Article/index/id/77
INFO: [ route_check ] --START--
INFO: CheckRoute Behavior ::run [ RunTime:0.001398s ]
INFO: [ route_check ] --END-- [ RunTime:0.001836s ]
INFO: [ app_begin ] --START--
INFO: ReadHtmlCache Behavior ::run [ RunTime:0.001137s ]
INFO: [ app_begin ] --END-- [ RunTime:0.001565s ]
SQL: SHOW COLUMNS FROM `gzf_news` [ RunTime:0.002091s ]
SQL: UPDATE `gzf_news` SET `Counter`=Counter+1 WHERE ( `NewsId` = 77 ) [ RunTime:0.000435s ]
SQL: SELECT * FROM `gzf_news` WHERE ( `NewsId` = 77 )  [ RunTime:0.000414s ]
SQL: SELECT `NewsTitle` FROM `gzf_news` WHERE ( `NewsId` = 77 ) LIMIT 1   [ RunTime:0.000326s ]
INFO: [ view_parse ] --START--
NOTIC: [8] Undefined variable: nav C:\wamp\www\home\Runtime\Cache\610ca9348546c70715a42fb25d3852b8.php 第 118 行.
NOTIC: [8] Undefined variable: link C:\wamp\www\home\Runtime\Cache\610ca9348546c70715a42fb25d3852b8.php 第 201 行.
NOTIC: [8] Undefined variable: nav C:\wamp\www\home\Runtime\Cache\610ca9348546c70715a42fb25d3852b8.php 第 226 行.
INFO: ParseTemplate Behavior ::run [ RunTime:0.031650s ]
INFO: [ view_parse ] --END-- [ RunTime:0.032156s ]
INFO: [ view_filter ] --START--
INFO: ContentReplace Behavior ::run [ RunTime:0.000928s ]
INFO: TokenBuild Behavior ::run [ RunTime:0.001016s ]
INFO: WriteHtmlCache Behavior ::run [ RunTime:0.000601s ]
INFO: ShowRuntime Behavior ::run [ RunTime:0.001344s ]
INFO: [ view_filter ] --END-- [ RunTime:0.005054s ]
INFO: [ view_end ] --START--
INFO: ShowPageTrace Behavior ::run [ RunTime:0.001158s ]
INFO: [ view_end ] --END-- [ RunTime:0.001583s ]

