[ 2015-09-15T05:36:03+08:00 ] 66.249.64.197 /index.php/Article/index/id/94
INFO: [ route_check ] --START--
INFO: CheckRoute Behavior ::run [ RunTime:0.001428s ]
INFO: [ route_check ] --END-- [ RunTime:0.001866s ]
INFO: [ app_begin ] --START--
INFO: ReadHtmlCache Behavior ::run [ RunTime:0.001160s ]
INFO: [ app_begin ] --END-- [ RunTime:0.001584s ]
SQL: SHOW COLUMNS FROM `gzf_news` [ RunTime:0.002227s ]
SQL: UPDATE `gzf_news` SET `Counter`=Counter+1 WHERE ( `NewsId` = 94 ) [ RunTime:0.000480s ]
SQL: SELECT * FROM `gzf_news` WHERE ( `NewsId` = 94 )  [ RunTime:0.000437s ]
SQL: SELECT `NewsTitle` FROM `gzf_news` WHERE ( `NewsId` = 94 ) LIMIT 1   [ RunTime:0.000314s ]
INFO: [ view_parse ] --START--
NOTIC: [8] Undefined variable: nav C:\wamp\www\home\Runtime\Cache\610ca9348546c70715a42fb25d3852b8.php 第 118 行.
NOTIC: [8] Undefined variable: link C:\wamp\www\home\Runtime\Cache\610ca9348546c70715a42fb25d3852b8.php 第 201 行.
NOTIC: [8] Undefined variable: nav C:\wamp\www\home\Runtime\Cache\610ca9348546c70715a42fb25d3852b8.php 第 226 行.
INFO: ParseTemplate Behavior ::run [ RunTime:0.033747s ]
INFO: [ view_parse ] --END-- [ RunTime:0.034233s ]
INFO: [ view_filter ] --START--
INFO: ContentReplace Behavior ::run [ RunTime:0.000996s ]
INFO: TokenBuild Behavior ::run [ RunTime:0.001212s ]
INFO: WriteHtmlCache Behavior ::run [ RunTime:0.000671s ]
INFO: ShowRuntime Behavior ::run [ RunTime:0.001367s ]
INFO: [ view_filter ] --END-- [ RunTime:0.005538s ]
INFO: [ view_end ] --START--
INFO: ShowPageTrace Behavior ::run [ RunTime:0.001247s ]
INFO: [ view_end ] --END-- [ RunTime:0.001694s ]

[ 2015-09-15T06:50:42+08:00 ] 68.180.230.243 /index.php/Aboutus
INFO: [ route_check ] --START--
INFO: CheckRoute Behavior ::run [ RunTime:0.001538s ]
INFO: [ route_check ] --END-- [ RunTime:0.001976s ]
INFO: [ app_begin ] --START--
INFO: ReadHtmlCache Behavior ::run [ RunTime:0.001132s ]
INFO: [ app_begin ] --END-- [ RunTime:0.001556s ]
SQL: SHOW COLUMNS FROM `gzf_aboutus` [ RunTime:0.029307s ]
SQL: SELECT * FROM `gzf_aboutus` LIMIT 1   [ RunTime:0.000883s ]
SQL: SHOW COLUMNS FROM `gzf_brief` [ RunTime:0.001889s ]
SQL: SELECT * FROM `gzf_brief` ORDER BY BriefId  [ RunTime:0.000404s ]
SQL: SHOW COLUMNS FROM `gzf_link` [ RunTime:0.001820s ]
SQL: SELECT * FROM `gzf_link`  [ RunTime:0.000343s ]
SQL: SHOW COLUMNS FROM `gzf_nav` [ RunTime:0.001946s ]
SQL: SELECT * FROM `gzf_nav`  [ RunTime:0.000338s ]
SQL: SHOW COLUMNS FROM `gzf_textview` [ RunTime:0.001807s ]
SQL: SELECT * FROM `gzf_textview` LIMIT 1   [ RunTime:0.000350s ]
SQL: SHOW COLUMNS FROM `gzf_relate` [ RunTime:0.001579s ]
SQL: SELECT * FROM `gzf_relate`  [ RunTime:0.000414s ]
INFO: [ view_parse ] --START--
INFO: ParseTemplate Behavior ::run [ RunTime:0.038879s ]
INFO: [ view_parse ] --END-- [ RunTime:0.039329s ]
INFO: [ view_filter ] --START--
INFO: ContentReplace Behavior ::run [ RunTime:0.001003s ]
INFO: TokenBuild Behavior ::run [ RunTime:0.001075s ]
INFO: WriteHtmlCache Behavior ::run [ RunTime:0.000669s ]
INFO: ShowRuntime Behavior ::run [ RunTime:0.001464s ]
INFO: [ view_filter ] --END-- [ RunTime:0.005467s ]
INFO: [ view_end ] --START--
INFO: ShowPageTrace Behavior ::run [ RunTime:0.001201s ]
INFO: [ view_end ] --END-- [ RunTime:0.001633s ]

[ 2015-09-15T09:09:55+08:00 ] 66.249.64.192 /index.php/Article/index/id/62
INFO: [ route_check ] --START--
INFO: CheckRoute Behavior ::run [ RunTime:0.001464s ]
INFO: [ route_check ] --END-- [ RunTime:0.001947s ]
INFO: [ app_begin ] --START--
INFO: ReadHtmlCache Behavior ::run [ RunTime:0.001190s ]
INFO: [ app_begin ] --END-- [ RunTime:0.001620s ]
SQL: SHOW COLUMNS FROM `gzf_news` [ RunTime:0.002080s ]
SQL: UPDATE `gzf_news` SET `Counter`=Counter+1 WHERE ( `NewsId` = 62 ) [ RunTime:0.000440s ]
SQL: SELECT * FROM `gzf_news` WHERE ( `NewsId` = 62 )  [ RunTime:0.000403s ]
SQL: SELECT `NewsTitle` FROM `gzf_news` WHERE ( `NewsId` = 62 ) LIMIT 1   [ RunTime:0.000312s ]
INFO: [ view_parse ] --START--
NOTIC: [8] Undefined variable: nav C:\wamp\www\home\Runtime\Cache\610ca9348546c70715a42fb25d3852b8.php 第 118 行.
NOTIC: [8] Undefined variable: link C:\wamp\www\home\Runtime\Cache\610ca9348546c70715a42fb25d3852b8.php 第 201 行.
NOTIC: [8] Undefined variable: nav C:\wamp\www\home\Runtime\Cache\610ca9348546c70715a42fb25d3852b8.php 第 226 行.
INFO: ParseTemplate Behavior ::run [ RunTime:0.032119s ]
INFO: [ view_parse ] --END-- [ RunTime:0.032556s ]
INFO: [ view_filter ] --START--
INFO: ContentReplace Behavior ::run [ RunTime:0.000965s ]
INFO: TokenBuild Behavior ::run [ RunTime:0.001045s ]
INFO: WriteHtmlCache Behavior ::run [ RunTime:0.000657s ]
INFO: ShowRuntime Behavior ::run [ RunTime:0.001471s ]
INFO: [ view_filter ] --END-- [ RunTime:0.005315s ]
INFO: [ view_end ] --START--
INFO: ShowPageTrace Behavior ::run [ RunTime:0.001143s ]
INFO: [ view_end ] --END-- [ RunTime:0.001574s ]

[ 2015-09-15T18:45:24+08:00 ] 42.156.138.57 /index.php/Academic
INFO: [ route_check ] --START--
INFO: CheckRoute Behavior ::run [ RunTime:0.001537s ]
INFO: [ route_check ] --END-- [ RunTime:0.002017s ]
INFO: [ app_begin ] --START--
INFO: ReadHtmlCache Behavior ::run [ RunTime:0.001163s ]
INFO: [ app_begin ] --END-- [ RunTime:0.001628s ]
NOTIC: [8] Undefined index: q C:\wamp\www\home\Lib\Action\CommonAction.class.php 第 27 行.
SQL: SHOW COLUMNS FROM `gzf_news` [ RunTime:0.002165s ]
SQL: SELECT COUNT(*) AS tp_count FROM `gzf_news` WHERE ( `NewsType` = 9 ) AND ( `NewsTitle` LIKE '%%' ) LIMIT 1   [ RunTime:0.000763s ]
SQL: SELECT `NewsId`,`NewsTitle`,`NewsContent`,`PublicDateTime`,`SaveFileName` FROM `gzf_news` WHERE ( `NewsType` = 9 ) AND ( `NewsTitle` LIKE '%%' ) ORDER BY NewsId desc LIMIT 0,10   [ RunTime:0.000896s ]
SQL: SHOW COLUMNS FROM `gzf_brief` [ RunTime:0.001867s ]
SQL: SELECT * FROM `gzf_brief` ORDER BY BriefId  [ RunTime:0.000394s ]
SQL: SHOW COLUMNS FROM `gzf_link` [ RunTime:0.001760s ]
SQL: SELECT * FROM `gzf_link`  [ RunTime:0.000316s ]
SQL: SHOW COLUMNS FROM `gzf_nav` [ RunTime:0.001758s ]
SQL: SELECT * FROM `gzf_nav`  [ RunTime:0.000327s ]
SQL: SHOW COLUMNS FROM `gzf_textview` [ RunTime:0.001663s ]
SQL: SELECT * FROM `gzf_textview` LIMIT 1   [ RunTime:0.000301s ]
SQL: SHOW COLUMNS FROM `gzf_relate` [ RunTime:0.002165s ]
SQL: SELECT * FROM `gzf_relate`  [ RunTime:0.000479s ]
INFO: [ view_parse ] --START--
INFO: ParseTemplate Behavior ::run [ RunTime:0.038473s ]
INFO: [ view_parse ] --END-- [ RunTime:0.039045s ]
INFO: [ view_filter ] --START--
INFO: ContentReplace Behavior ::run [ RunTime:0.001086s ]
INFO: TokenBuild Behavior ::run [ RunTime:0.001416s ]
INFO: WriteHtmlCache Behavior ::run [ RunTime:0.000659s ]
INFO: ShowRuntime Behavior ::run [ RunTime:0.001388s ]
INFO: [ view_filter ] --END-- [ RunTime:0.005778s ]
INFO: [ view_end ] --START--
INFO: ShowPageTrace Behavior ::run [ RunTime:0.001161s ]
INFO: [ view_end ] --END-- [ RunTime:0.001638s ]

[ 2015-09-15T20:07:18+08:00 ] 117.175.165.75 /
INFO: [ app_begin ] --START--
INFO: ReadHtmlCache Behavior ::run [ RunTime:0.001402s ]
INFO: [ app_begin ] --END-- [ RunTime:0.001963s ]
SQL: SHOW COLUMNS FROM `gzf_teachers` [ RunTime:0.002511s ]
SQL: SELECT * FROM `gzf_teachers` WHERE ( TeachersIndex=1 )  [ RunTime:0.000618s ]
SQL: SELECT COUNT(*) AS tp_count FROM `gzf_teachers` WHERE ( TeachersIndex=1 ) LIMIT 1   [ RunTime:0.000341s ]
NOTIC: [8] Undefined variable: ifdiv C:\wamp\www\home\Lib\Action\CommonAction.class.php 第 77 行.
SQL: SHOW COLUMNS FROM `gzf_news` [ RunTime:0.003386s ]
SQL: SELECT `NewsId`,`NewsTitle`,`NewsContent` FROM `gzf_news` WHERE ( `NewsType` = 12 ) ORDER BY NewsId desc LIMIT 6   [ RunTime:0.000797s ]
SQL: SELECT `NewsId`,`NewsTitle`,`NewsContent` FROM `gzf_news` WHERE ( `NewsType` = 9 ) ORDER BY NewsId desc LIMIT 6   [ RunTime:0.000595s ]
SQL: SELECT `NewsId`,`NewsTitle`,`NewsContent` FROM `gzf_news` WHERE ( `NewsType` = 3 ) ORDER BY NewsId desc LIMIT 6   [ RunTime:0.001285s ]
SQL: SHOW COLUMNS FROM `gzf_brief` [ RunTime:0.001901s ]
SQL: SELECT * FROM `gzf_brief` ORDER BY BriefId  [ RunTime:0.000475s ]
SQL: SHOW COLUMNS FROM `gzf_link` [ RunTime:0.001857s ]
SQL: SELECT * FROM `gzf_link`  [ RunTime:0.000320s ]
SQL: SHOW COLUMNS FROM `gzf_nav` [ RunTime:0.001706s ]
SQL: SELECT * FROM `gzf_nav`  [ RunTime:0.000328s ]
SQL: SHOW COLUMNS FROM `gzf_textview` [ RunTime:0.001755s ]
SQL: SELECT * FROM `gzf_textview` LIMIT 1   [ RunTime:0.000315s ]
SQL: SHOW COLUMNS FROM `gzf_relate` [ RunTime:0.001543s ]
SQL: SELECT * FROM `gzf_relate`  [ RunTime:0.000568s ]
INFO: [ view_parse ] --START--
NOTIC: [8] Undefined index: Title C:\wamp\www\home\Runtime\Cache\d046431aa157c89f3a1c30c426be003b.php 第 306 行.
NOTIC: [8] Undefined index: Title C:\wamp\www\home\Runtime\Cache\d046431aa157c89f3a1c30c426be003b.php 第 306 行.
NOTIC: [8] Undefined index: Title C:\wamp\www\home\Runtime\Cache\d046431aa157c89f3a1c30c426be003b.php 第 306 行.
NOTIC: [8] Undefined index: Title C:\wamp\www\home\Runtime\Cache\d046431aa157c89f3a1c30c426be003b.php 第 306 行.
NOTIC: [8] Undefined index: Title C:\wamp\www\home\Runtime\Cache\d046431aa157c89f3a1c30c426be003b.php 第 306 行.
NOTIC: [8] Undefined index: Title C:\wamp\www\home\Runtime\Cache\d046431aa157c89f3a1c30c426be003b.php 第 306 行.
INFO: ParseTemplate Behavior ::run [ RunTime:0.063005s ]
INFO: [ view_parse ] --END-- [ RunTime:0.063448s ]
INFO: [ view_filter ] --START--
INFO: ContentReplace Behavior ::run [ RunTime:0.001952s ]
INFO: TokenBuild Behavior ::run [ RunTime:0.001152s ]
INFO: WriteHtmlCache Behavior ::run [ RunTime:0.000673s ]
INFO: ShowRuntime Behavior ::run [ RunTime:0.001696s ]
INFO: [ view_filter ] --END-- [ RunTime:0.006692s ]
INFO: [ view_end ] --START--
INFO: ShowPageTrace Behavior ::run [ RunTime:0.001151s ]
INFO: [ view_end ] --END-- [ RunTime:0.001572s ]

[ 2015-09-15T21:01:46+08:00 ] 66.249.64.207 /index.php/Article/index/id/86
INFO: [ route_check ] --START--
INFO: CheckRoute Behavior ::run [ RunTime:0.001349s ]
INFO: [ route_check ] --END-- [ RunTime:0.001791s ]
INFO: [ app_begin ] --START--
INFO: ReadHtmlCache Behavior ::run [ RunTime:0.001131s ]
INFO: [ app_begin ] --END-- [ RunTime:0.001544s ]
SQL: SHOW COLUMNS FROM `gzf_news` [ RunTime:0.002121s ]
SQL: UPDATE `gzf_news` SET `Counter`=Counter+1 WHERE ( `NewsId` = 86 ) [ RunTime:0.000444s ]
SQL: SELECT * FROM `gzf_news` WHERE ( `NewsId` = 86 )  [ RunTime:0.000403s ]
SQL: SELECT `NewsTitle` FROM `gzf_news` WHERE ( `NewsId` = 86 ) LIMIT 1   [ RunTime:0.000329s ]
INFO: [ view_parse ] --START--
NOTIC: [8] Undefined variable: nav C:\wamp\www\home\Runtime\Cache\610ca9348546c70715a42fb25d3852b8.php 第 118 行.
NOTIC: [8] Undefined variable: link C:\wamp\www\home\Runtime\Cache\610ca9348546c70715a42fb25d3852b8.php 第 201 行.
NOTIC: [8] Undefined variable: nav C:\wamp\www\home\Runtime\Cache\610ca9348546c70715a42fb25d3852b8.php 第 226 行.
INFO: ParseTemplate Behavior ::run [ RunTime:0.031541s ]
INFO: [ view_parse ] --END-- [ RunTime:0.031974s ]
INFO: [ view_filter ] --START--
INFO: ContentReplace Behavior ::run [ RunTime:0.000914s ]
INFO: TokenBuild Behavior ::run [ RunTime:0.001021s ]
INFO: WriteHtmlCache Behavior ::run [ RunTime:0.000601s ]
INFO: ShowRuntime Behavior ::run [ RunTime:0.001320s ]
INFO: [ view_filter ] --END-- [ RunTime:0.004994s ]
INFO: [ view_end ] --START--
INFO: ShowPageTrace Behavior ::run [ RunTime:0.001126s ]
INFO: [ view_end ] --END-- [ RunTime:0.001552s ]

