[ 2015-10-09T03:48:07+08:00 ] 180.76.15.26 /index.php/Article/index/id/19
INFO: [ route_check ] --START--
INFO: CheckRoute Behavior ::run [ RunTime:0.001371s ]
INFO: [ route_check ] --END-- [ RunTime:0.001823s ]
INFO: [ app_begin ] --START--
INFO: ReadHtmlCache Behavior ::run [ RunTime:0.001165s ]
INFO: [ app_begin ] --END-- [ RunTime:0.001585s ]
SQL: SHOW COLUMNS FROM `gzf_news` [ RunTime:0.002067s ]
SQL: UPDATE `gzf_news` SET `Counter`=Counter+1 WHERE ( `NewsId` = 19 ) [ RunTime:0.000479s ]
SQL: SELECT * FROM `gzf_news` WHERE ( `NewsId` = 19 )  [ RunTime:0.000394s ]
SQL: SELECT `NewsTitle` FROM `gzf_news` WHERE ( `NewsId` = 19 ) LIMIT 1   [ RunTime:0.000347s ]
INFO: [ view_parse ] --START--
NOTIC: [8] Undefined variable: nav C:\wamp\www\home\Runtime\Cache\610ca9348546c70715a42fb25d3852b8.php 第 118 行.
NOTIC: [8] Undefined variable: link C:\wamp\www\home\Runtime\Cache\610ca9348546c70715a42fb25d3852b8.php 第 201 行.
NOTIC: [8] Undefined variable: nav C:\wamp\www\home\Runtime\Cache\610ca9348546c70715a42fb25d3852b8.php 第 226 行.
INFO: ParseTemplate Behavior ::run [ RunTime:0.032101s ]
INFO: [ view_parse ] --END-- [ RunTime:0.032532s ]
INFO: [ view_filter ] --START--
INFO: ContentReplace Behavior ::run [ RunTime:0.001100s ]
INFO: TokenBuild Behavior ::run [ RunTime:0.001041s ]
INFO: WriteHtmlCache Behavior ::run [ RunTime:0.000616s ]
INFO: ShowRuntime Behavior ::run [ RunTime:0.001372s ]
INFO: [ view_filter ] --END-- [ RunTime:0.005272s ]
INFO: [ view_end ] --START--
INFO: ShowPageTrace Behavior ::run [ RunTime:0.001153s ]
INFO: [ view_end ] --END-- [ RunTime:0.001582s ]

