[ 2015-10-04T07:05:38+08:00 ] 68.180.230.243 /
INFO: [ app_begin ] --START--
INFO: ReadHtmlCache Behavior ::run [ RunTime:0.001496s ]
INFO: [ app_begin ] --END-- [ RunTime:0.002010s ]
SQL: SHOW COLUMNS FROM `gzf_teachers` [ RunTime:0.002374s ]
SQL: SELECT * FROM `gzf_teachers` WHERE ( TeachersIndex=1 )  [ RunTime:0.000439s ]
SQL: SELECT COUNT(*) AS tp_count FROM `gzf_teachers` WHERE ( TeachersIndex=1 ) LIMIT 1   [ RunTime:0.000376s ]
NOTIC: [8] Undefined variable: ifdiv C:\wamp\www\home\Lib\Action\CommonAction.class.php 第 77 行.
SQL: SHOW COLUMNS FROM `gzf_news` [ RunTime:0.001961s ]
SQL: SELECT `NewsId`,`NewsTitle`,`NewsContent` FROM `gzf_news` WHERE ( `NewsType` = 12 ) ORDER BY NewsId desc LIMIT 6   [ RunTime:0.000802s ]
SQL: SELECT `NewsId`,`NewsTitle`,`NewsContent` FROM `gzf_news` WHERE ( `NewsType` = 9 ) ORDER BY NewsId desc LIMIT 6   [ RunTime:0.000594s ]
SQL: SELECT `NewsId`,`NewsTitle`,`NewsContent` FROM `gzf_news` WHERE ( `NewsType` = 3 ) ORDER BY NewsId desc LIMIT 6   [ RunTime:0.001422s ]
SQL: SHOW COLUMNS FROM `gzf_brief` [ RunTime:0.001807s ]
SQL: SELECT * FROM `gzf_brief` ORDER BY BriefId  [ RunTime:0.000517s ]
SQL: SHOW COLUMNS FROM `gzf_link` [ RunTime:0.001893s ]
SQL: SELECT * FROM `gzf_link`  [ RunTime:0.000347s ]
SQL: SHOW COLUMNS FROM `gzf_nav` [ RunTime:0.002047s ]
SQL: SELECT * FROM `gzf_nav`  [ RunTime:0.000318s ]
SQL: SHOW COLUMNS FROM `gzf_textview` [ RunTime:0.001730s ]
SQL: SELECT * FROM `gzf_textview` LIMIT 1   [ RunTime:0.000318s ]
SQL: SHOW COLUMNS FROM `gzf_relate` [ RunTime:0.001543s ]
SQL: SELECT * FROM `gzf_relate`  [ RunTime:0.000443s ]
INFO: [ view_parse ] --START--
NOTIC: [8] Undefined index: Title C:\wamp\www\home\Runtime\Cache\d046431aa157c89f3a1c30c426be003b.php 第 306 行.
NOTIC: [8] Undefined index: Title C:\wamp\www\home\Runtime\Cache\d046431aa157c89f3a1c30c426be003b.php 第 306 行.
NOTIC: [8] Undefined index: Title C:\wamp\www\home\Runtime\Cache\d046431aa157c89f3a1c30c426be003b.php 第 306 行.
NOTIC: [8] Undefined index: Title C:\wamp\www\home\Runtime\Cache\d046431aa157c89f3a1c30c426be003b.php 第 306 行.
NOTIC: [8] Undefined index: Title C:\wamp\www\home\Runtime\Cache\d046431aa157c89f3a1c30c426be003b.php 第 306 行.
NOTIC: [8] Undefined index: Title C:\wamp\www\home\Runtime\Cache\d046431aa157c89f3a1c30c426be003b.php 第 306 行.
INFO: ParseTemplate Behavior ::run [ RunTime:0.065111s ]
INFO: [ view_parse ] --END-- [ RunTime:0.065572s ]
INFO: [ view_filter ] --START--
INFO: ContentReplace Behavior ::run [ RunTime:0.002089s ]
INFO: TokenBuild Behavior ::run [ RunTime:0.001194s ]
INFO: WriteHtmlCache Behavior ::run [ RunTime:0.000687s ]
INFO: ShowRuntime Behavior ::run [ RunTime:0.001721s ]
INFO: [ view_filter ] --END-- [ RunTime:0.006902s ]
INFO: [ view_end ] --START--
INFO: ShowPageTrace Behavior ::run [ RunTime:0.001234s ]
INFO: [ view_end ] --END-- [ RunTime:0.001692s ]

[ 2015-10-04T10:35:35+08:00 ] 66.249.67.60 /index.php/Database
INFO: [ route_check ] --START--
INFO: CheckRoute Behavior ::run [ RunTime:0.001678s ]
INFO: [ route_check ] --END-- [ RunTime:0.003981s ]
INFO: [ app_begin ] --START--
INFO: ReadHtmlCache Behavior ::run [ RunTime:0.001262s ]
INFO: [ app_begin ] --END-- [ RunTime:0.001728s ]
NOTIC: [8] Undefined index: q C:\wamp\www\home\Lib\Action\CommonAction.class.php 第 27 行.
SQL: SHOW COLUMNS FROM `gzf_news` [ RunTime:0.002191s ]
SQL: SELECT COUNT(*) AS tp_count FROM `gzf_news` WHERE ( `NewsType` = 12 ) AND ( `NewsTitle` LIKE '%%' ) LIMIT 1   [ RunTime:0.000701s ]
SQL: SELECT `NewsId`,`NewsTitle`,`NewsContent`,`PublicDateTime`,`SaveFileName` FROM `gzf_news` WHERE ( `NewsType` = 12 ) AND ( `NewsTitle` LIKE '%%' ) ORDER BY NewsId desc LIMIT 0,5   [ RunTime:0.000679s ]
SQL: SHOW COLUMNS FROM `gzf_brief` [ RunTime:0.001748s ]
SQL: SELECT * FROM `gzf_brief` ORDER BY BriefId  [ RunTime:0.000369s ]
SQL: SHOW COLUMNS FROM `gzf_link` [ RunTime:0.001907s ]
SQL: SELECT * FROM `gzf_link`  [ RunTime:0.000346s ]
SQL: SHOW COLUMNS FROM `gzf_nav` [ RunTime:0.001789s ]
SQL: SELECT * FROM `gzf_nav`  [ RunTime:0.000315s ]
SQL: SHOW COLUMNS FROM `gzf_textview` [ RunTime:0.001782s ]
SQL: SELECT * FROM `gzf_textview` LIMIT 1   [ RunTime:0.000301s ]
SQL: SHOW COLUMNS FROM `gzf_relate` [ RunTime:0.001532s ]
SQL: SELECT * FROM `gzf_relate`  [ RunTime:0.000455s ]
INFO: [ view_parse ] --START--
INFO: ParseTemplate Behavior ::run [ RunTime:0.033305s ]
INFO: [ view_parse ] --END-- [ RunTime:0.033772s ]
INFO: [ view_filter ] --START--
INFO: ContentReplace Behavior ::run [ RunTime:0.000992s ]
INFO: TokenBuild Behavior ::run [ RunTime:0.001027s ]
INFO: WriteHtmlCache Behavior ::run [ RunTime:0.000607s ]
INFO: ShowRuntime Behavior ::run [ RunTime:0.001368s ]
INFO: [ view_filter ] --END-- [ RunTime:0.005199s ]
INFO: [ view_end ] --START--
INFO: ShowPageTrace Behavior ::run [ RunTime:0.001105s ]
INFO: [ view_end ] --END-- [ RunTime:0.001537s ]

[ 2015-10-04T10:38:51+08:00 ] 66.249.67.72 /index.php/Teachers
INFO: [ route_check ] --START--
INFO: CheckRoute Behavior ::run [ RunTime:0.001378s ]
INFO: [ route_check ] --END-- [ RunTime:0.001825s ]
INFO: [ app_begin ] --START--
INFO: ReadHtmlCache Behavior ::run [ RunTime:0.001209s ]
INFO: [ app_begin ] --END-- [ RunTime:0.001631s ]
NOTIC: [2] Missing argument 1 for CommonAction::getteachers(), called in C:\wamp\www\home\Lib\Action\TeachersAction.class.php on line 4 and defined C:\wamp\www\home\Lib\Action\CommonAction.class.php 第 63 行.
SQL: SHOW COLUMNS FROM `gzf_teachers` [ RunTime:0.002154s ]
SQL: SELECT * FROM `gzf_teachers`  [ RunTime:0.000528s ]
SQL: SELECT COUNT(*) AS tp_count FROM `gzf_teachers` LIMIT 1   [ RunTime:0.000400s ]
NOTIC: [8] Undefined variable: ifdiv C:\wamp\www\home\Lib\Action\CommonAction.class.php 第 77 行.
SQL: SHOW COLUMNS FROM `gzf_brief` [ RunTime:0.001726s ]
SQL: SELECT * FROM `gzf_brief` ORDER BY BriefId  [ RunTime:0.000382s ]
SQL: SHOW COLUMNS FROM `gzf_link` [ RunTime:0.001465s ]
SQL: SELECT * FROM `gzf_link`  [ RunTime:0.000317s ]
SQL: SHOW COLUMNS FROM `gzf_nav` [ RunTime:0.001491s ]
SQL: SELECT * FROM `gzf_nav`  [ RunTime:0.000314s ]
SQL: SHOW COLUMNS FROM `gzf_textview` [ RunTime:0.001450s ]
SQL: SELECT * FROM `gzf_textview` LIMIT 1   [ RunTime:0.000307s ]
SQL: SHOW COLUMNS FROM `gzf_relate` [ RunTime:0.001423s ]
SQL: SELECT * FROM `gzf_relate`  [ RunTime:0.000459s ]
INFO: [ view_parse ] --START--
INFO: ParseTemplate Behavior ::run [ RunTime:0.033630s ]
INFO: [ view_parse ] --END-- [ RunTime:0.034072s ]
INFO: [ view_filter ] --START--
INFO: ContentReplace Behavior ::run [ RunTime:0.001023s ]
INFO: TokenBuild Behavior ::run [ RunTime:0.001022s ]
INFO: WriteHtmlCache Behavior ::run [ RunTime:0.000608s ]
INFO: ShowRuntime Behavior ::run [ RunTime:0.001335s ]
INFO: [ view_filter ] --END-- [ RunTime:0.005179s ]
INFO: [ view_end ] --START--
INFO: ShowPageTrace Behavior ::run [ RunTime:0.001324s ]
INFO: [ view_end ] --END-- [ RunTime:0.001767s ]

[ 2015-10-04T15:32:01+08:00 ] 182.124.169.103 /
INFO: [ app_begin ] --START--
INFO: ReadHtmlCache Behavior ::run [ RunTime:0.001429s ]
INFO: [ app_begin ] --END-- [ RunTime:0.001958s ]
SQL: SHOW COLUMNS FROM `gzf_teachers` [ RunTime:0.002539s ]
SQL: SELECT * FROM `gzf_teachers` WHERE ( TeachersIndex=1 )  [ RunTime:0.000456s ]
SQL: SELECT COUNT(*) AS tp_count FROM `gzf_teachers` WHERE ( TeachersIndex=1 ) LIMIT 1   [ RunTime:0.000329s ]
NOTIC: [8] Undefined variable: ifdiv C:\wamp\www\home\Lib\Action\CommonAction.class.php 第 77 行.
SQL: SHOW COLUMNS FROM `gzf_news` [ RunTime:0.001884s ]
SQL: SELECT `NewsId`,`NewsTitle`,`NewsContent` FROM `gzf_news` WHERE ( `NewsType` = 12 ) ORDER BY NewsId desc LIMIT 6   [ RunTime:0.000732s ]
SQL: SELECT `NewsId`,`NewsTitle`,`NewsContent` FROM `gzf_news` WHERE ( `NewsType` = 9 ) ORDER BY NewsId desc LIMIT 6   [ RunTime:0.000696s ]
SQL: SELECT `NewsId`,`NewsTitle`,`NewsContent` FROM `gzf_news` WHERE ( `NewsType` = 3 ) ORDER BY NewsId desc LIMIT 6   [ RunTime:0.001264s ]
SQL: SHOW COLUMNS FROM `gzf_brief` [ RunTime:0.001730s ]
SQL: SELECT * FROM `gzf_brief` ORDER BY BriefId  [ RunTime:0.000371s ]
SQL: SHOW COLUMNS FROM `gzf_link` [ RunTime:0.001680s ]
SQL: SELECT * FROM `gzf_link`  [ RunTime:0.000313s ]
SQL: SHOW COLUMNS FROM `gzf_nav` [ RunTime:0.001721s ]
SQL: SELECT * FROM `gzf_nav`  [ RunTime:0.000488s ]
SQL: SHOW COLUMNS FROM `gzf_textview` [ RunTime:0.001671s ]
SQL: SELECT * FROM `gzf_textview` LIMIT 1   [ RunTime:0.000312s ]
SQL: SHOW COLUMNS FROM `gzf_relate` [ RunTime:0.001526s ]
SQL: SELECT * FROM `gzf_relate`  [ RunTime:0.000453s ]
INFO: [ view_parse ] --START--
NOTIC: [8] Undefined index: Title C:\wamp\www\home\Runtime\Cache\d046431aa157c89f3a1c30c426be003b.php 第 306 行.
NOTIC: [8] Undefined index: Title C:\wamp\www\home\Runtime\Cache\d046431aa157c89f3a1c30c426be003b.php 第 306 行.
NOTIC: [8] Undefined index: Title C:\wamp\www\home\Runtime\Cache\d046431aa157c89f3a1c30c426be003b.php 第 306 行.
NOTIC: [8] Undefined index: Title C:\wamp\www\home\Runtime\Cache\d046431aa157c89f3a1c30c426be003b.php 第 306 行.
NOTIC: [8] Undefined index: Title C:\wamp\www\home\Runtime\Cache\d046431aa157c89f3a1c30c426be003b.php 第 306 行.
NOTIC: [8] Undefined index: Title C:\wamp\www\home\Runtime\Cache\d046431aa157c89f3a1c30c426be003b.php 第 306 行.
INFO: ParseTemplate Behavior ::run [ RunTime:0.064383s ]
INFO: [ view_parse ] --END-- [ RunTime:0.064821s ]
INFO: [ view_filter ] --START--
INFO: ContentReplace Behavior ::run [ RunTime:0.002021s ]
INFO: TokenBuild Behavior ::run [ RunTime:0.001202s ]
INFO: WriteHtmlCache Behavior ::run [ RunTime:0.000625s ]
INFO: ShowRuntime Behavior ::run [ RunTime:0.001734s ]
INFO: [ view_filter ] --END-- [ RunTime:0.006912s ]
INFO: [ view_end ] --START--
INFO: ShowPageTrace Behavior ::run [ RunTime:0.001116s ]
INFO: [ view_end ] --END-- [ RunTime:0.001538s ]

