[ 2015-10-06T02:56:17+08:00 ] 66.249.67.66 /index.php/Academic/index/p/11.html
INFO: [ route_check ] --START--
INFO: CheckRoute Behavior ::run [ RunTime:0.001420s ]
INFO: [ route_check ] --END-- [ RunTime:0.001860s ]
INFO: [ app_begin ] --START--
INFO: ReadHtmlCache Behavior ::run [ RunTime:0.001158s ]
INFO: [ app_begin ] --END-- [ RunTime:0.001575s ]
NOTIC: [8] Undefined index: q C:\wamp\www\home\Lib\Action\CommonAction.class.php 第 27 行.
SQL: SHOW COLUMNS FROM `gzf_news` [ RunTime:0.002140s ]
SQL: SELECT COUNT(*) AS tp_count FROM `gzf_news` WHERE ( `NewsType` = 9 ) AND ( `NewsTitle` LIKE '%%' ) LIMIT 1   [ RunTime:0.000757s ]
SQL: SELECT `NewsId`,`NewsTitle`,`NewsContent`,`PublicDateTime`,`SaveFileName` FROM `gzf_news` WHERE ( `NewsType` = 9 ) AND ( `NewsTitle` LIKE '%%' ) ORDER BY NewsId desc LIMIT 100,10   [ RunTime:0.001139s ]
SQL: SHOW COLUMNS FROM `gzf_brief` [ RunTime:0.001730s ]
SQL: SELECT * FROM `gzf_brief` ORDER BY BriefId  [ RunTime:0.000381s ]
SQL: SHOW COLUMNS FROM `gzf_link` [ RunTime:0.001684s ]
SQL: SELECT * FROM `gzf_link`  [ RunTime:0.000310s ]
SQL: SHOW COLUMNS FROM `gzf_nav` [ RunTime:0.001683s ]
SQL: SELECT * FROM `gzf_nav`  [ RunTime:0.000364s ]
SQL: SHOW COLUMNS FROM `gzf_textview` [ RunTime:0.001721s ]
SQL: SELECT * FROM `gzf_textview` LIMIT 1   [ RunTime:0.000303s ]
SQL: SHOW COLUMNS FROM `gzf_relate` [ RunTime:0.001507s ]
SQL: SELECT * FROM `gzf_relate`  [ RunTime:0.000470s ]
INFO: [ view_parse ] --START--
INFO: ParseTemplate Behavior ::run [ RunTime:0.038123s ]
INFO: [ view_parse ] --END-- [ RunTime:0.038548s ]
INFO: [ view_filter ] --START--
INFO: ContentReplace Behavior ::run [ RunTime:0.000973s ]
INFO: TokenBuild Behavior ::run [ RunTime:0.001032s ]
INFO: WriteHtmlCache Behavior ::run [ RunTime:0.000616s ]
INFO: ShowRuntime Behavior ::run [ RunTime:0.001330s ]
INFO: [ view_filter ] --END-- [ RunTime:0.005114s ]
INFO: [ view_end ] --START--
INFO: ShowPageTrace Behavior ::run [ RunTime:0.001087s ]
INFO: [ view_end ] --END-- [ RunTime:0.001562s ]

[ 2015-10-06T08:40:27+08:00 ] 128.227.183.130 /index.php/Article/index/id/104
INFO: [ route_check ] --START--
INFO: CheckRoute Behavior ::run [ RunTime:0.001407s ]
INFO: [ route_check ] --END-- [ RunTime:0.001891s ]
INFO: [ app_begin ] --START--
INFO: ReadHtmlCache Behavior ::run [ RunTime:0.001142s ]
INFO: [ app_begin ] --END-- [ RunTime:0.001568s ]
SQL: SHOW COLUMNS FROM `gzf_news` [ RunTime:0.002416s ]
SQL: UPDATE `gzf_news` SET `Counter`=Counter+1 WHERE ( `NewsId` = 104 ) [ RunTime:0.000499s ]
SQL: SELECT * FROM `gzf_news` WHERE ( `NewsId` = 104 )  [ RunTime:0.000394s ]
SQL: SELECT `NewsTitle` FROM `gzf_news` WHERE ( `NewsId` = 104 ) LIMIT 1   [ RunTime:0.000350s ]
INFO: [ view_parse ] --START--
NOTIC: [8] Undefined variable: nav C:\wamp\www\home\Runtime\Cache\610ca9348546c70715a42fb25d3852b8.php 第 118 行.
NOTIC: [8] Undefined variable: link C:\wamp\www\home\Runtime\Cache\610ca9348546c70715a42fb25d3852b8.php 第 201 行.
NOTIC: [8] Undefined variable: nav C:\wamp\www\home\Runtime\Cache\610ca9348546c70715a42fb25d3852b8.php 第 226 行.
INFO: ParseTemplate Behavior ::run [ RunTime:0.033575s ]
INFO: [ view_parse ] --END-- [ RunTime:0.034145s ]
INFO: [ view_filter ] --START--
INFO: ContentReplace Behavior ::run [ RunTime:0.000946s ]
INFO: TokenBuild Behavior ::run [ RunTime:0.001047s ]
INFO: WriteHtmlCache Behavior ::run [ RunTime:0.000616s ]
INFO: ShowRuntime Behavior ::run [ RunTime:0.001338s ]
INFO: [ view_filter ] --END-- [ RunTime:0.005159s ]
INFO: [ view_end ] --START--
INFO: ShowPageTrace Behavior ::run [ RunTime:0.001332s ]
INFO: [ view_end ] --END-- [ RunTime:0.001870s ]

[ 2015-10-06T09:56:23+08:00 ] 66.249.67.72 /index.php/Article/index/id/73
INFO: [ route_check ] --START--
INFO: CheckRoute Behavior ::run [ RunTime:0.001373s ]
INFO: [ route_check ] --END-- [ RunTime:0.001807s ]
INFO: [ app_begin ] --START--
INFO: ReadHtmlCache Behavior ::run [ RunTime:0.001139s ]
INFO: [ app_begin ] --END-- [ RunTime:0.001563s ]
SQL: SHOW COLUMNS FROM `gzf_news` [ RunTime:0.002062s ]
SQL: UPDATE `gzf_news` SET `Counter`=Counter+1 WHERE ( `NewsId` = 73 ) [ RunTime:0.000473s ]
SQL: SELECT * FROM `gzf_news` WHERE ( `NewsId` = 73 )  [ RunTime:0.000415s ]
SQL: SELECT `NewsTitle` FROM `gzf_news` WHERE ( `NewsId` = 73 ) LIMIT 1   [ RunTime:0.000312s ]
INFO: [ view_parse ] --START--
NOTIC: [8] Undefined variable: nav C:\wamp\www\home\Runtime\Cache\610ca9348546c70715a42fb25d3852b8.php 第 118 行.
NOTIC: [8] Undefined variable: link C:\wamp\www\home\Runtime\Cache\610ca9348546c70715a42fb25d3852b8.php 第 201 行.
NOTIC: [8] Undefined variable: nav C:\wamp\www\home\Runtime\Cache\610ca9348546c70715a42fb25d3852b8.php 第 226 行.
INFO: ParseTemplate Behavior ::run [ RunTime:0.031372s ]
INFO: [ view_parse ] --END-- [ RunTime:0.031788s ]
INFO: [ view_filter ] --START--
INFO: ContentReplace Behavior ::run [ RunTime:0.000954s ]
INFO: TokenBuild Behavior ::run [ RunTime:0.001010s ]
INFO: WriteHtmlCache Behavior ::run [ RunTime:0.000594s ]
INFO: ShowRuntime Behavior ::run [ RunTime:0.001308s ]
INFO: [ view_filter ] --END-- [ RunTime:0.005006s ]
INFO: [ view_end ] --START--
INFO: ShowPageTrace Behavior ::run [ RunTime:0.001107s ]
INFO: [ view_end ] --END-- [ RunTime:0.001524s ]

[ 2015-10-06T10:47:37+08:00 ] 66.249.67.60 /index.php/Article/index/id/71
INFO: [ route_check ] --START--
INFO: CheckRoute Behavior ::run [ RunTime:0.001459s ]
INFO: [ route_check ] --END-- [ RunTime:0.001926s ]
INFO: [ app_begin ] --START--
INFO: ReadHtmlCache Behavior ::run [ RunTime:0.001253s ]
INFO: [ app_begin ] --END-- [ RunTime:0.001680s ]
SQL: SHOW COLUMNS FROM `gzf_news` [ RunTime:0.002125s ]
SQL: UPDATE `gzf_news` SET `Counter`=Counter+1 WHERE ( `NewsId` = 71 ) [ RunTime:0.000466s ]
SQL: SELECT * FROM `gzf_news` WHERE ( `NewsId` = 71 )  [ RunTime:0.000467s ]
SQL: SELECT `NewsTitle` FROM `gzf_news` WHERE ( `NewsId` = 71 ) LIMIT 1   [ RunTime:0.000317s ]
INFO: [ view_parse ] --START--
NOTIC: [8] Undefined variable: nav C:\wamp\www\home\Runtime\Cache\610ca9348546c70715a42fb25d3852b8.php 第 118 行.
NOTIC: [8] Undefined variable: link C:\wamp\www\home\Runtime\Cache\610ca9348546c70715a42fb25d3852b8.php 第 201 行.
NOTIC: [8] Undefined variable: nav C:\wamp\www\home\Runtime\Cache\610ca9348546c70715a42fb25d3852b8.php 第 226 行.
INFO: ParseTemplate Behavior ::run [ RunTime:0.032763s ]
INFO: [ view_parse ] --END-- [ RunTime:0.033335s ]
INFO: [ view_filter ] --START--
INFO: ContentReplace Behavior ::run [ RunTime:0.000965s ]
INFO: TokenBuild Behavior ::run [ RunTime:0.001117s ]
INFO: WriteHtmlCache Behavior ::run [ RunTime:0.000653s ]
INFO: ShowRuntime Behavior ::run [ RunTime:0.001319s ]
INFO: [ view_filter ] --END-- [ RunTime:0.005234s ]
INFO: [ view_end ] --START--
INFO: ShowPageTrace Behavior ::run [ RunTime:0.001293s ]
INFO: [ view_end ] --END-- [ RunTime:0.001759s ]

[ 2015-10-06T12:34:50+08:00 ] 122.228.60.95 /
INFO: [ app_begin ] --START--
INFO: ReadHtmlCache Behavior ::run [ RunTime:0.001245s ]
INFO: [ app_begin ] --END-- [ RunTime:0.001681s ]
SQL: SHOW COLUMNS FROM `gzf_teachers` [ RunTime:0.002129s ]
SQL: SELECT * FROM `gzf_teachers` WHERE ( TeachersIndex=1 )  [ RunTime:0.000440s ]
SQL: SELECT COUNT(*) AS tp_count FROM `gzf_teachers` WHERE ( TeachersIndex=1 ) LIMIT 1   [ RunTime:0.000398s ]
NOTIC: [8] Undefined variable: ifdiv C:\wamp\www\home\Lib\Action\CommonAction.class.php 第 77 行.
SQL: SHOW COLUMNS FROM `gzf_news` [ RunTime:0.001860s ]
SQL: SELECT `NewsId`,`NewsTitle`,`NewsContent` FROM `gzf_news` WHERE ( `NewsType` = 12 ) ORDER BY NewsId desc LIMIT 6   [ RunTime:0.000745s ]
SQL: SELECT `NewsId`,`NewsTitle`,`NewsContent` FROM `gzf_news` WHERE ( `NewsType` = 9 ) ORDER BY NewsId desc LIMIT 6   [ RunTime:0.000565s ]
SQL: SELECT `NewsId`,`NewsTitle`,`NewsContent` FROM `gzf_news` WHERE ( `NewsType` = 3 ) ORDER BY NewsId desc LIMIT 6   [ RunTime:0.001246s ]
SQL: SHOW COLUMNS FROM `gzf_brief` [ RunTime:0.001978s ]
SQL: SELECT * FROM `gzf_brief` ORDER BY BriefId  [ RunTime:0.000379s ]
SQL: SHOW COLUMNS FROM `gzf_link` [ RunTime:0.001708s ]
SQL: SELECT * FROM `gzf_link`  [ RunTime:0.000309s ]
SQL: SHOW COLUMNS FROM `gzf_nav` [ RunTime:0.001699s ]
SQL: SELECT * FROM `gzf_nav`  [ RunTime:0.000315s ]
SQL: SHOW COLUMNS FROM `gzf_textview` [ RunTime:0.001710s ]
SQL: SELECT * FROM `gzf_textview` LIMIT 1   [ RunTime:0.000315s ]
SQL: SHOW COLUMNS FROM `gzf_relate` [ RunTime:0.001739s ]
SQL: SELECT * FROM `gzf_relate`  [ RunTime:0.000459s ]
INFO: [ view_parse ] --START--
NOTIC: [8] Undefined index: Title C:\wamp\www\home\Runtime\Cache\d046431aa157c89f3a1c30c426be003b.php 第 306 行.
NOTIC: [8] Undefined index: Title C:\wamp\www\home\Runtime\Cache\d046431aa157c89f3a1c30c426be003b.php 第 306 行.
NOTIC: [8] Undefined index: Title C:\wamp\www\home\Runtime\Cache\d046431aa157c89f3a1c30c426be003b.php 第 306 行.
NOTIC: [8] Undefined index: Title C:\wamp\www\home\Runtime\Cache\d046431aa157c89f3a1c30c426be003b.php 第 306 行.
NOTIC: [8] Undefined index: Title C:\wamp\www\home\Runtime\Cache\d046431aa157c89f3a1c30c426be003b.php 第 306 行.
NOTIC: [8] Undefined index: Title C:\wamp\www\home\Runtime\Cache\d046431aa157c89f3a1c30c426be003b.php 第 306 行.
INFO: ParseTemplate Behavior ::run [ RunTime:0.063705s ]
INFO: [ view_parse ] --END-- [ RunTime:0.064141s ]
INFO: [ view_filter ] --START--
INFO: ContentReplace Behavior ::run [ RunTime:0.002039s ]
INFO: TokenBuild Behavior ::run [ RunTime:0.001182s ]
INFO: WriteHtmlCache Behavior ::run [ RunTime:0.000614s ]
INFO: ShowRuntime Behavior ::run [ RunTime:0.001727s ]
INFO: [ view_filter ] --END-- [ RunTime:0.006759s ]
INFO: [ view_end ] --START--
INFO: ShowPageTrace Behavior ::run [ RunTime:0.001127s ]
INFO: [ view_end ] --END-- [ RunTime:0.001578s ]

[ 2015-10-06T14:46:03+08:00 ] 66.249.67.245 /index.php/Article/index/id/70
INFO: [ route_check ] --START--
INFO: CheckRoute Behavior ::run [ RunTime:0.001389s ]
INFO: [ route_check ] --END-- [ RunTime:0.001883s ]
INFO: [ app_begin ] --START--
INFO: ReadHtmlCache Behavior ::run [ RunTime:0.001168s ]
INFO: [ app_begin ] --END-- [ RunTime:0.001601s ]
SQL: SHOW COLUMNS FROM `gzf_news` [ RunTime:0.002121s ]
SQL: UPDATE `gzf_news` SET `Counter`=Counter+1 WHERE ( `NewsId` = 70 ) [ RunTime:0.000447s ]
SQL: SELECT * FROM `gzf_news` WHERE ( `NewsId` = 70 )  [ RunTime:0.000423s ]
SQL: SELECT `NewsTitle` FROM `gzf_news` WHERE ( `NewsId` = 70 ) LIMIT 1   [ RunTime:0.000314s ]
INFO: [ view_parse ] --START--
NOTIC: [8] Undefined variable: nav C:\wamp\www\home\Runtime\Cache\610ca9348546c70715a42fb25d3852b8.php 第 118 行.
NOTIC: [8] Undefined variable: link C:\wamp\www\home\Runtime\Cache\610ca9348546c70715a42fb25d3852b8.php 第 201 行.
NOTIC: [8] Undefined variable: nav C:\wamp\www\home\Runtime\Cache\610ca9348546c70715a42fb25d3852b8.php 第 226 行.
INFO: ParseTemplate Behavior ::run [ RunTime:0.032079s ]
INFO: [ view_parse ] --END-- [ RunTime:0.032497s ]
INFO: [ view_filter ] --START--
INFO: ContentReplace Behavior ::run [ RunTime:0.000944s ]
INFO: TokenBuild Behavior ::run [ RunTime:0.001053s ]
INFO: WriteHtmlCache Behavior ::run [ RunTime:0.000633s ]
INFO: ShowRuntime Behavior ::run [ RunTime:0.001340s ]
INFO: [ view_filter ] --END-- [ RunTime:0.005164s ]
INFO: [ view_end ] --START--
INFO: ShowPageTrace Behavior ::run [ RunTime:0.001130s ]
INFO: [ view_end ] --END-- [ RunTime:0.001544s ]

[ 2015-10-06T15:21:46+08:00 ] 106.119.42.199 /
INFO: [ app_begin ] --START--
INFO: ReadHtmlCache Behavior ::run [ RunTime:0.001399s ]
INFO: [ app_begin ] --END-- [ RunTime:0.001884s ]
SQL: SHOW COLUMNS FROM `gzf_teachers` [ RunTime:0.002592s ]
SQL: SELECT * FROM `gzf_teachers` WHERE ( TeachersIndex=1 )  [ RunTime:0.000518s ]
SQL: SELECT COUNT(*) AS tp_count FROM `gzf_teachers` WHERE ( TeachersIndex=1 ) LIMIT 1   [ RunTime:0.000340s ]
NOTIC: [8] Undefined variable: ifdiv C:\wamp\www\home\Lib\Action\CommonAction.class.php 第 77 行.
SQL: SHOW COLUMNS FROM `gzf_news` [ RunTime:0.002040s ]
SQL: SELECT `NewsId`,`NewsTitle`,`NewsContent` FROM `gzf_news` WHERE ( `NewsType` = 12 ) ORDER BY NewsId desc LIMIT 6   [ RunTime:0.000775s ]
SQL: SELECT `NewsId`,`NewsTitle`,`NewsContent` FROM `gzf_news` WHERE ( `NewsType` = 9 ) ORDER BY NewsId desc LIMIT 6   [ RunTime:0.000609s ]
SQL: SELECT `NewsId`,`NewsTitle`,`NewsContent` FROM `gzf_news` WHERE ( `NewsType` = 3 ) ORDER BY NewsId desc LIMIT 6   [ RunTime:0.001187s ]
SQL: SHOW COLUMNS FROM `gzf_brief` [ RunTime:0.001824s ]
SQL: SELECT * FROM `gzf_brief` ORDER BY BriefId  [ RunTime:0.000391s ]
SQL: SHOW COLUMNS FROM `gzf_link` [ RunTime:0.001802s ]
SQL: SELECT * FROM `gzf_link`  [ RunTime:0.000311s ]
SQL: SHOW COLUMNS FROM `gzf_nav` [ RunTime:0.001848s ]
SQL: SELECT * FROM `gzf_nav`  [ RunTime:0.000382s ]
SQL: SHOW COLUMNS FROM `gzf_textview` [ RunTime:0.001901s ]
SQL: SELECT * FROM `gzf_textview` LIMIT 1   [ RunTime:0.000306s ]
SQL: SHOW COLUMNS FROM `gzf_relate` [ RunTime:0.001652s ]
SQL: SELECT * FROM `gzf_relate`  [ RunTime:0.000482s ]
INFO: [ view_parse ] --START--
NOTIC: [8] Undefined index: Title C:\wamp\www\home\Runtime\Cache\d046431aa157c89f3a1c30c426be003b.php 第 306 行.
NOTIC: [8] Undefined index: Title C:\wamp\www\home\Runtime\Cache\d046431aa157c89f3a1c30c426be003b.php 第 306 行.
NOTIC: [8] Undefined index: Title C:\wamp\www\home\Runtime\Cache\d046431aa157c89f3a1c30c426be003b.php 第 306 行.
NOTIC: [8] Undefined index: Title C:\wamp\www\home\Runtime\Cache\d046431aa157c89f3a1c30c426be003b.php 第 306 行.
NOTIC: [8] Undefined index: Title C:\wamp\www\home\Runtime\Cache\d046431aa157c89f3a1c30c426be003b.php 第 306 行.
NOTIC: [8] Undefined index: Title C:\wamp\www\home\Runtime\Cache\d046431aa157c89f3a1c30c426be003b.php 第 306 行.
INFO: ParseTemplate Behavior ::run [ RunTime:0.072786s ]
INFO: [ view_parse ] --END-- [ RunTime:0.073229s ]
INFO: [ view_filter ] --START--
INFO: ContentReplace Behavior ::run [ RunTime:0.002171s ]
INFO: TokenBuild Behavior ::run [ RunTime:0.001172s ]
INFO: WriteHtmlCache Behavior ::run [ RunTime:0.000635s ]
INFO: ShowRuntime Behavior ::run [ RunTime:0.001708s ]
INFO: [ view_filter ] --END-- [ RunTime:0.006914s ]
INFO: [ view_end ] --START--
INFO: ShowPageTrace Behavior ::run [ RunTime:0.001122s ]
INFO: [ view_end ] --END-- [ RunTime:0.001582s ]

[ 2015-10-06T15:22:05+08:00 ] 106.119.42.199 /index.php/Teachers
INFO: [ route_check ] --START--
INFO: CheckRoute Behavior ::run [ RunTime:0.001384s ]
INFO: [ route_check ] --END-- [ RunTime:0.001856s ]
INFO: [ app_begin ] --START--
INFO: ReadHtmlCache Behavior ::run [ RunTime:0.001154s ]
INFO: [ app_begin ] --END-- [ RunTime:0.001575s ]
NOTIC: [2] Missing argument 1 for CommonAction::getteachers(), called in C:\wamp\www\home\Lib\Action\TeachersAction.class.php on line 4 and defined C:\wamp\www\home\Lib\Action\CommonAction.class.php 第 63 行.
SQL: SHOW COLUMNS FROM `gzf_teachers` [ RunTime:0.001910s ]
SQL: SELECT * FROM `gzf_teachers`  [ RunTime:0.000485s ]
SQL: SELECT COUNT(*) AS tp_count FROM `gzf_teachers` LIMIT 1   [ RunTime:0.000280s ]
NOTIC: [8] Undefined variable: ifdiv C:\wamp\www\home\Lib\Action\CommonAction.class.php 第 77 行.
SQL: SHOW COLUMNS FROM `gzf_brief` [ RunTime:0.001524s ]
SQL: SELECT * FROM `gzf_brief` ORDER BY BriefId  [ RunTime:0.000378s ]
SQL: SHOW COLUMNS FROM `gzf_link` [ RunTime:0.001908s ]
SQL: SELECT * FROM `gzf_link`  [ RunTime:0.000308s ]
SQL: SHOW COLUMNS FROM `gzf_nav` [ RunTime:0.001482s ]
SQL: SELECT * FROM `gzf_nav`  [ RunTime:0.000315s ]
SQL: SHOW COLUMNS FROM `gzf_textview` [ RunTime:0.001436s ]
SQL: SELECT * FROM `gzf_textview` LIMIT 1   [ RunTime:0.000325s ]
SQL: SHOW COLUMNS FROM `gzf_relate` [ RunTime:0.001451s ]
SQL: SELECT * FROM `gzf_relate`  [ RunTime:0.000427s ]
INFO: [ view_parse ] --START--
INFO: ParseTemplate Behavior ::run [ RunTime:0.033639s ]
INFO: [ view_parse ] --END-- [ RunTime:0.034074s ]
INFO: [ view_filter ] --START--
INFO: ContentReplace Behavior ::run [ RunTime:0.001019s ]
INFO: TokenBuild Behavior ::run [ RunTime:0.001027s ]
INFO: WriteHtmlCache Behavior ::run [ RunTime:0.000603s ]
INFO: ShowRuntime Behavior ::run [ RunTime:0.001379s ]
INFO: [ view_filter ] --END-- [ RunTime:0.005217s ]
INFO: [ view_end ] --START--
INFO: ShowPageTrace Behavior ::run [ RunTime:0.001118s ]
INFO: [ view_end ] --END-- [ RunTime:0.001532s ]

[ 2015-10-06T15:22:26+08:00 ] 106.119.42.199 /index.php/Academic
INFO: [ route_check ] --START--
INFO: CheckRoute Behavior ::run [ RunTime:0.001439s ]
INFO: [ route_check ] --END-- [ RunTime:0.001876s ]
INFO: [ app_begin ] --START--
INFO: ReadHtmlCache Behavior ::run [ RunTime:0.001424s ]
INFO: [ app_begin ] --END-- [ RunTime:0.001910s ]
NOTIC: [8] Undefined index: q C:\wamp\www\home\Lib\Action\CommonAction.class.php 第 27 行.
SQL: SHOW COLUMNS FROM `gzf_news` [ RunTime:0.001929s ]
SQL: SELECT COUNT(*) AS tp_count FROM `gzf_news` WHERE ( `NewsType` = 9 ) AND ( `NewsTitle` LIKE '%%' ) LIMIT 1   [ RunTime:0.000700s ]
SQL: SELECT `NewsId`,`NewsTitle`,`NewsContent`,`PublicDateTime`,`SaveFileName` FROM `gzf_news` WHERE ( `NewsType` = 9 ) AND ( `NewsTitle` LIKE '%%' ) ORDER BY NewsId desc LIMIT 0,10   [ RunTime:0.000874s ]
SQL: SHOW COLUMNS FROM `gzf_brief` [ RunTime:0.001558s ]
SQL: SELECT * FROM `gzf_brief` ORDER BY BriefId  [ RunTime:0.000370s ]
SQL: SHOW COLUMNS FROM `gzf_link` [ RunTime:0.001463s ]
SQL: SELECT * FROM `gzf_link`  [ RunTime:0.000316s ]
SQL: SHOW COLUMNS FROM `gzf_nav` [ RunTime:0.001476s ]
SQL: SELECT * FROM `gzf_nav`  [ RunTime:0.000304s ]
SQL: SHOW COLUMNS FROM `gzf_textview` [ RunTime:0.001420s ]
SQL: SELECT * FROM `gzf_textview` LIMIT 1   [ RunTime:0.000308s ]
SQL: SHOW COLUMNS FROM `gzf_relate` [ RunTime:0.001447s ]
SQL: SELECT * FROM `gzf_relate`  [ RunTime:0.000431s ]
INFO: [ view_parse ] --START--
INFO: ParseTemplate Behavior ::run [ RunTime:0.038034s ]
INFO: [ view_parse ] --END-- [ RunTime:0.038501s ]
INFO: [ view_filter ] --START--
INFO: ContentReplace Behavior ::run [ RunTime:0.001050s ]
INFO: TokenBuild Behavior ::run [ RunTime:0.001061s ]
INFO: WriteHtmlCache Behavior ::run [ RunTime:0.000607s ]
INFO: ShowRuntime Behavior ::run [ RunTime:0.001329s ]
INFO: [ view_filter ] --END-- [ RunTime:0.005266s ]
INFO: [ view_end ] --START--
INFO: ShowPageTrace Behavior ::run [ RunTime:0.001130s ]
INFO: [ view_end ] --END-- [ RunTime:0.001546s ]

[ 2015-10-06T18:10:43+08:00 ] 42.156.137.115 /
INFO: [ app_begin ] --START--
INFO: ReadHtmlCache Behavior ::run [ RunTime:0.001295s ]
INFO: [ app_begin ] --END-- [ RunTime:0.001750s ]
SQL: SHOW COLUMNS FROM `gzf_teachers` [ RunTime:0.002143s ]
SQL: SELECT * FROM `gzf_teachers` WHERE ( TeachersIndex=1 )  [ RunTime:0.000460s ]
SQL: SELECT COUNT(*) AS tp_count FROM `gzf_teachers` WHERE ( TeachersIndex=1 ) LIMIT 1   [ RunTime:0.000336s ]
NOTIC: [8] Undefined variable: ifdiv C:\wamp\www\home\Lib\Action\CommonAction.class.php 第 77 行.
SQL: SHOW COLUMNS FROM `gzf_news` [ RunTime:0.001959s ]
SQL: SELECT `NewsId`,`NewsTitle`,`NewsContent` FROM `gzf_news` WHERE ( `NewsType` = 12 ) ORDER BY NewsId desc LIMIT 6   [ RunTime:0.000763s ]
SQL: SELECT `NewsId`,`NewsTitle`,`NewsContent` FROM `gzf_news` WHERE ( `NewsType` = 9 ) ORDER BY NewsId desc LIMIT 6   [ RunTime:0.000566s ]
SQL: SELECT `NewsId`,`NewsTitle`,`NewsContent` FROM `gzf_news` WHERE ( `NewsType` = 3 ) ORDER BY NewsId desc LIMIT 6   [ RunTime:0.001326s ]
SQL: SHOW COLUMNS FROM `gzf_brief` [ RunTime:0.001759s ]
SQL: SELECT * FROM `gzf_brief` ORDER BY BriefId  [ RunTime:0.000381s ]
SQL: SHOW COLUMNS FROM `gzf_link` [ RunTime:0.001731s ]
SQL: SELECT * FROM `gzf_link`  [ RunTime:0.000317s ]
SQL: SHOW COLUMNS FROM `gzf_nav` [ RunTime:0.001765s ]
SQL: SELECT * FROM `gzf_nav`  [ RunTime:0.000342s ]
SQL: SHOW COLUMNS FROM `gzf_textview` [ RunTime:0.001691s ]
SQL: SELECT * FROM `gzf_textview` LIMIT 1   [ RunTime:0.000308s ]
SQL: SHOW COLUMNS FROM `gzf_relate` [ RunTime:0.001539s ]
SQL: SELECT * FROM `gzf_relate`  [ RunTime:0.000455s ]
INFO: [ view_parse ] --START--
NOTIC: [8] Undefined index: Title C:\wamp\www\home\Runtime\Cache\d046431aa157c89f3a1c30c426be003b.php 第 306 行.
NOTIC: [8] Undefined index: Title C:\wamp\www\home\Runtime\Cache\d046431aa157c89f3a1c30c426be003b.php 第 306 行.
NOTIC: [8] Undefined index: Title C:\wamp\www\home\Runtime\Cache\d046431aa157c89f3a1c30c426be003b.php 第 306 行.
NOTIC: [8] Undefined index: Title C:\wamp\www\home\Runtime\Cache\d046431aa157c89f3a1c30c426be003b.php 第 306 行.
NOTIC: [8] Undefined index: Title C:\wamp\www\home\Runtime\Cache\d046431aa157c89f3a1c30c426be003b.php 第 306 行.
NOTIC: [8] Undefined index: Title C:\wamp\www\home\Runtime\Cache\d046431aa157c89f3a1c30c426be003b.php 第 306 行.
INFO: ParseTemplate Behavior ::run [ RunTime:0.063323s ]
INFO: [ view_parse ] --END-- [ RunTime:0.063772s ]
INFO: [ view_filter ] --START--
INFO: ContentReplace Behavior ::run [ RunTime:0.002068s ]
INFO: TokenBuild Behavior ::run [ RunTime:0.001172s ]
INFO: WriteHtmlCache Behavior ::run [ RunTime:0.000652s ]
INFO: ShowRuntime Behavior ::run [ RunTime:0.002449s ]
INFO: [ view_filter ] --END-- [ RunTime:0.007615s ]
INFO: [ view_end ] --START--
INFO: ShowPageTrace Behavior ::run [ RunTime:0.001171s ]
INFO: [ view_end ] --END-- [ RunTime:0.001606s ]

[ 2015-10-06T18:24:41+08:00 ] 42.156.137.115 /index.php/Article/index/id/102
INFO: [ route_check ] --START--
INFO: CheckRoute Behavior ::run [ RunTime:0.001526s ]
INFO: [ route_check ] --END-- [ RunTime:0.001973s ]
INFO: [ app_begin ] --START--
INFO: ReadHtmlCache Behavior ::run [ RunTime:0.001250s ]
INFO: [ app_begin ] --END-- [ RunTime:0.001704s ]
SQL: SHOW COLUMNS FROM `gzf_news` [ RunTime:0.002215s ]
SQL: UPDATE `gzf_news` SET `Counter`=Counter+1 WHERE ( `NewsId` = 102 ) [ RunTime:0.000444s ]
SQL: SELECT * FROM `gzf_news` WHERE ( `NewsId` = 102 )  [ RunTime:0.000411s ]
SQL: SELECT `NewsTitle` FROM `gzf_news` WHERE ( `NewsId` = 102 ) LIMIT 1   [ RunTime:0.000320s ]
INFO: [ view_parse ] --START--
NOTIC: [8] Undefined variable: nav C:\wamp\www\home\Runtime\Cache\610ca9348546c70715a42fb25d3852b8.php 第 118 行.
NOTIC: [8] Undefined variable: link C:\wamp\www\home\Runtime\Cache\610ca9348546c70715a42fb25d3852b8.php 第 201 行.
NOTIC: [8] Undefined variable: nav C:\wamp\www\home\Runtime\Cache\610ca9348546c70715a42fb25d3852b8.php 第 226 行.
INFO: ParseTemplate Behavior ::run [ RunTime:0.032233s ]
INFO: [ view_parse ] --END-- [ RunTime:0.032660s ]
INFO: [ view_filter ] --START--
INFO: ContentReplace Behavior ::run [ RunTime:0.000956s ]
INFO: TokenBuild Behavior ::run [ RunTime:0.001028s ]
INFO: WriteHtmlCache Behavior ::run [ RunTime:0.000615s ]
INFO: ShowRuntime Behavior ::run [ RunTime:0.001315s ]
INFO: [ view_filter ] --END-- [ RunTime:0.005147s ]
INFO: [ view_end ] --START--
INFO: ShowPageTrace Behavior ::run [ RunTime:0.001128s ]
INFO: [ view_end ] --END-- [ RunTime:0.001546s ]

[ 2015-10-06T18:24:52+08:00 ] 42.156.139.115 /index.php/Article/index/id/112
INFO: [ route_check ] --START--
INFO: CheckRoute Behavior ::run [ RunTime:0.001274s ]
INFO: [ route_check ] --END-- [ RunTime:0.001728s ]
INFO: [ app_begin ] --START--
INFO: ReadHtmlCache Behavior ::run [ RunTime:0.001073s ]
INFO: [ app_begin ] --END-- [ RunTime:0.001487s ]
SQL: SHOW COLUMNS FROM `gzf_news` [ RunTime:0.001845s ]
SQL: UPDATE `gzf_news` SET `Counter`=Counter+1 WHERE ( `NewsId` = 112 ) [ RunTime:0.000398s ]
SQL: SELECT * FROM `gzf_news` WHERE ( `NewsId` = 112 )  [ RunTime:0.000407s ]
SQL: SELECT `NewsTitle` FROM `gzf_news` WHERE ( `NewsId` = 112 ) LIMIT 1   [ RunTime:0.000315s ]
INFO: [ view_parse ] --START--
NOTIC: [8] Undefined variable: nav C:\wamp\www\home\Runtime\Cache\610ca9348546c70715a42fb25d3852b8.php 第 118 行.
NOTIC: [8] Undefined variable: link C:\wamp\www\home\Runtime\Cache\610ca9348546c70715a42fb25d3852b8.php 第 201 行.
NOTIC: [8] Undefined variable: nav C:\wamp\www\home\Runtime\Cache\610ca9348546c70715a42fb25d3852b8.php 第 226 行.
INFO: ParseTemplate Behavior ::run [ RunTime:0.031701s ]
INFO: [ view_parse ] --END-- [ RunTime:0.032133s ]
INFO: [ view_filter ] --START--
INFO: ContentReplace Behavior ::run [ RunTime:0.000853s ]
INFO: TokenBuild Behavior ::run [ RunTime:0.000947s ]
INFO: WriteHtmlCache Behavior ::run [ RunTime:0.000559s ]
INFO: ShowRuntime Behavior ::run [ RunTime:0.001233s ]
INFO: [ view_filter ] --END-- [ RunTime:0.004726s ]
INFO: [ view_end ] --START--
INFO: ShowPageTrace Behavior ::run [ RunTime:0.001060s ]
INFO: [ view_end ] --END-- [ RunTime:0.001487s ]

[ 2015-10-06T18:24:54+08:00 ] 42.156.138.115 /index.php/Database
INFO: [ route_check ] --START--
INFO: CheckRoute Behavior ::run [ RunTime:0.001248s ]
INFO: [ route_check ] --END-- [ RunTime:0.001719s ]
INFO: [ app_begin ] --START--
INFO: ReadHtmlCache Behavior ::run [ RunTime:0.001087s ]
INFO: [ app_begin ] --END-- [ RunTime:0.001693s ]
NOTIC: [8] Undefined index: q C:\wamp\www\home\Lib\Action\CommonAction.class.php 第 27 行.
SQL: SHOW COLUMNS FROM `gzf_news` [ RunTime:0.001909s ]
SQL: SELECT COUNT(*) AS tp_count FROM `gzf_news` WHERE ( `NewsType` = 12 ) AND ( `NewsTitle` LIKE '%%' ) LIMIT 1   [ RunTime:0.000869s ]
SQL: SELECT `NewsId`,`NewsTitle`,`NewsContent`,`PublicDateTime`,`SaveFileName` FROM `gzf_news` WHERE ( `NewsType` = 12 ) AND ( `NewsTitle` LIKE '%%' ) ORDER BY NewsId desc LIMIT 0,5   [ RunTime:0.000646s ]
SQL: SHOW COLUMNS FROM `gzf_brief` [ RunTime:0.001888s ]
SQL: SELECT * FROM `gzf_brief` ORDER BY BriefId  [ RunTime:0.000388s ]
SQL: SHOW COLUMNS FROM `gzf_link` [ RunTime:0.001687s ]
SQL: SELECT * FROM `gzf_link`  [ RunTime:0.000313s ]
SQL: SHOW COLUMNS FROM `gzf_nav` [ RunTime:0.001700s ]
SQL: SELECT * FROM `gzf_nav`  [ RunTime:0.000315s ]
SQL: SHOW COLUMNS FROM `gzf_textview` [ RunTime:0.001691s ]
SQL: SELECT * FROM `gzf_textview` LIMIT 1   [ RunTime:0.000302s ]
SQL: SHOW COLUMNS FROM `gzf_relate` [ RunTime:0.001563s ]
SQL: SELECT * FROM `gzf_relate`  [ RunTime:0.000469s ]
INFO: [ view_parse ] --START--
INFO: ParseTemplate Behavior ::run [ RunTime:0.031918s ]
INFO: [ view_parse ] --END-- [ RunTime:0.032349s ]
INFO: [ view_filter ] --START--
INFO: ContentReplace Behavior ::run [ RunTime:0.000968s ]
INFO: TokenBuild Behavior ::run [ RunTime:0.000947s ]
INFO: WriteHtmlCache Behavior ::run [ RunTime:0.000545s ]
INFO: ShowRuntime Behavior ::run [ RunTime:0.001295s ]
INFO: [ view_filter ] --END-- [ RunTime:0.004923s ]
INFO: [ view_end ] --START--
INFO: ShowPageTrace Behavior ::run [ RunTime:0.001037s ]
INFO: [ view_end ] --END-- [ RunTime:0.001484s ]

[ 2015-10-06T18:25:00+08:00 ] 42.156.136.115 /index.php/Article/index/id/114
INFO: [ route_check ] --START--
INFO: CheckRoute Behavior ::run [ RunTime:0.001325s ]
INFO: [ route_check ] --END-- [ RunTime:0.001795s ]
INFO: [ app_begin ] --START--
INFO: ReadHtmlCache Behavior ::run [ RunTime:0.001162s ]
INFO: [ app_begin ] --END-- [ RunTime:0.001784s ]
SQL: SHOW COLUMNS FROM `gzf_news` [ RunTime:0.001995s ]
SQL: UPDATE `gzf_news` SET `Counter`=Counter+1 WHERE ( `NewsId` = 114 ) [ RunTime:0.000409s ]
SQL: SELECT * FROM `gzf_news` WHERE ( `NewsId` = 114 )  [ RunTime:0.000412s ]
SQL: SELECT `NewsTitle` FROM `gzf_news` WHERE ( `NewsId` = 114 ) LIMIT 1   [ RunTime:0.000315s ]
INFO: [ view_parse ] --START--
NOTIC: [8] Undefined variable: nav C:\wamp\www\home\Runtime\Cache\610ca9348546c70715a42fb25d3852b8.php 第 118 行.
NOTIC: [8] Undefined variable: link C:\wamp\www\home\Runtime\Cache\610ca9348546c70715a42fb25d3852b8.php 第 201 行.
NOTIC: [8] Undefined variable: nav C:\wamp\www\home\Runtime\Cache\610ca9348546c70715a42fb25d3852b8.php 第 226 行.
INFO: ParseTemplate Behavior ::run [ RunTime:0.031881s ]
INFO: [ view_parse ] --END-- [ RunTime:0.032305s ]
INFO: [ view_filter ] --START--
INFO: ContentReplace Behavior ::run [ RunTime:0.000893s ]
INFO: TokenBuild Behavior ::run [ RunTime:0.000969s ]
INFO: WriteHtmlCache Behavior ::run [ RunTime:0.000540s ]
INFO: ShowRuntime Behavior ::run [ RunTime:0.001277s ]
INFO: [ view_filter ] --END-- [ RunTime:0.004825s ]
INFO: [ view_end ] --START--
INFO: ShowPageTrace Behavior ::run [ RunTime:0.001179s ]
INFO: [ view_end ] --END-- [ RunTime:0.001609s ]

[ 2015-10-06T22:07:34+08:00 ] 101.226.168.252 /index.php/Article/index/id/32
INFO: [ route_check ] --START--
INFO: CheckRoute Behavior ::run [ RunTime:0.001535s ]
INFO: [ route_check ] --END-- [ RunTime:0.002140s ]
INFO: [ app_begin ] --START--
INFO: ReadHtmlCache Behavior ::run [ RunTime:0.001282s ]
INFO: [ app_begin ] --END-- [ RunTime:0.001728s ]
SQL: SHOW COLUMNS FROM `gzf_news` [ RunTime:0.002273s ]
SQL: UPDATE `gzf_news` SET `Counter`=Counter+1 WHERE ( `NewsId` = 32 ) [ RunTime:0.000457s ]
SQL: SELECT * FROM `gzf_news` WHERE ( `NewsId` = 32 )  [ RunTime:0.000384s ]
SQL: SELECT `NewsTitle` FROM `gzf_news` WHERE ( `NewsId` = 32 ) LIMIT 1   [ RunTime:0.000319s ]
INFO: [ view_parse ] --START--
NOTIC: [8] Undefined variable: nav C:\wamp\www\home\Runtime\Cache\610ca9348546c70715a42fb25d3852b8.php 第 118 行.
NOTIC: [8] Undefined variable: link C:\wamp\www\home\Runtime\Cache\610ca9348546c70715a42fb25d3852b8.php 第 201 行.
NOTIC: [8] Undefined variable: nav C:\wamp\www\home\Runtime\Cache\610ca9348546c70715a42fb25d3852b8.php 第 226 行.
INFO: ParseTemplate Behavior ::run [ RunTime:0.036057s ]
INFO: [ view_parse ] --END-- [ RunTime:0.036607s ]
INFO: [ view_filter ] --START--
INFO: ContentReplace Behavior ::run [ RunTime:0.000988s ]
INFO: TokenBuild Behavior ::run [ RunTime:0.001090s ]
INFO: WriteHtmlCache Behavior ::run [ RunTime:0.000717s ]
INFO: ShowRuntime Behavior ::run [ RunTime:0.001425s ]
INFO: [ view_filter ] --END-- [ RunTime:0.005523s ]
INFO: [ view_end ] --START--
INFO: ShowPageTrace Behavior ::run [ RunTime:0.001316s ]
INFO: [ view_end ] --END-- [ RunTime:0.001766s ]

[ 2015-10-06T22:08:01+08:00 ] 182.118.21.206 /index.php/Article/index/id/34
INFO: [ route_check ] --START--
INFO: CheckRoute Behavior ::run [ RunTime:0.001188s ]
INFO: [ route_check ] --END-- [ RunTime:0.001632s ]
INFO: [ app_begin ] --START--
INFO: ReadHtmlCache Behavior ::run [ RunTime:0.001124s ]
INFO: [ app_begin ] --END-- [ RunTime:0.001545s ]
SQL: SHOW COLUMNS FROM `gzf_news` [ RunTime:0.001835s ]
SQL: UPDATE `gzf_news` SET `Counter`=Counter+1 WHERE ( `NewsId` = 34 ) [ RunTime:0.000406s ]
SQL: SELECT * FROM `gzf_news` WHERE ( `NewsId` = 34 )  [ RunTime:0.000416s ]
SQL: SELECT `NewsTitle` FROM `gzf_news` WHERE ( `NewsId` = 34 ) LIMIT 1   [ RunTime:0.000315s ]
INFO: [ view_parse ] --START--
NOTIC: [8] Undefined variable: nav C:\wamp\www\home\Runtime\Cache\610ca9348546c70715a42fb25d3852b8.php 第 118 行.
NOTIC: [8] Undefined variable: link C:\wamp\www\home\Runtime\Cache\610ca9348546c70715a42fb25d3852b8.php 第 201 行.
NOTIC: [8] Undefined variable: nav C:\wamp\www\home\Runtime\Cache\610ca9348546c70715a42fb25d3852b8.php 第 226 行.
INFO: ParseTemplate Behavior ::run [ RunTime:0.031364s ]
INFO: [ view_parse ] --END-- [ RunTime:0.031782s ]
INFO: [ view_filter ] --START--
INFO: ContentReplace Behavior ::run [ RunTime:0.000847s ]
INFO: TokenBuild Behavior ::run [ RunTime:0.000946s ]
INFO: WriteHtmlCache Behavior ::run [ RunTime:0.000529s ]
INFO: ShowRuntime Behavior ::run [ RunTime:0.001257s ]
INFO: [ view_filter ] --END-- [ RunTime:0.004734s ]
INFO: [ view_end ] --START--
INFO: ShowPageTrace Behavior ::run [ RunTime:0.001067s ]
INFO: [ view_end ] --END-- [ RunTime:0.001493s ]

[ 2015-10-06T22:10:08+08:00 ] 101.226.168.226 /index.php/Article/index/id/93
INFO: [ route_check ] --START--
INFO: CheckRoute Behavior ::run [ RunTime:0.001462s ]
INFO: [ route_check ] --END-- [ RunTime:0.001940s ]
INFO: [ app_begin ] --START--
INFO: ReadHtmlCache Behavior ::run [ RunTime:0.001185s ]
INFO: [ app_begin ] --END-- [ RunTime:0.001622s ]
SQL: SHOW COLUMNS FROM `gzf_news` [ RunTime:0.001966s ]
SQL: UPDATE `gzf_news` SET `Counter`=Counter+1 WHERE ( `NewsId` = 93 ) [ RunTime:0.000399s ]
SQL: SELECT * FROM `gzf_news` WHERE ( `NewsId` = 93 )  [ RunTime:0.000467s ]
SQL: SELECT `NewsTitle` FROM `gzf_news` WHERE ( `NewsId` = 93 ) LIMIT 1   [ RunTime:0.000315s ]
INFO: [ view_parse ] --START--
NOTIC: [8] Undefined variable: nav C:\wamp\www\home\Runtime\Cache\610ca9348546c70715a42fb25d3852b8.php 第 118 行.
NOTIC: [8] Undefined variable: link C:\wamp\www\home\Runtime\Cache\610ca9348546c70715a42fb25d3852b8.php 第 201 行.
NOTIC: [8] Undefined variable: nav C:\wamp\www\home\Runtime\Cache\610ca9348546c70715a42fb25d3852b8.php 第 226 行.
INFO: ParseTemplate Behavior ::run [ RunTime:0.032184s ]
INFO: [ view_parse ] --END-- [ RunTime:0.032620s ]
INFO: [ view_filter ] --START--
INFO: ContentReplace Behavior ::run [ RunTime:0.000927s ]
INFO: TokenBuild Behavior ::run [ RunTime:0.001189s ]
INFO: WriteHtmlCache Behavior ::run [ RunTime:0.000618s ]
INFO: ShowRuntime Behavior ::run [ RunTime:0.001433s ]
INFO: [ view_filter ] --END-- [ RunTime:0.005521s ]
INFO: [ view_end ] --START--
INFO: ShowPageTrace Behavior ::run [ RunTime:0.001165s ]
INFO: [ view_end ] --END-- [ RunTime:0.001607s ]

